P00027739T0000|5 28|gamma glutamyltransferase
P00100540T0000|52 66|cyclo-oxygenase
P00224013A0661|335 359|beta-Vasodilator receptors
P00227393T0000|29 45|D3-24-hydroxylase
P00234264A0164|13 26|transpeptidase
P00369397A0280|56 59|GnRH
P00497494A0112|32 36|PACO2
P00716366T0001|22 40|alkaline phosphatase
P00898500A0246|143 153|IgE antibody
P00954819A1041|95 99|Sarin
P01279352A1197|133 150|beta-galactosidase
P01285009A0000|145 159|cholecystokinin
P01285009A0000|176 185|beta-actin
P01309587A0715|31 35|BMRF1
P01309894A0807|4 8|Rep78
P01313846A0850|63 76|immunoglobulin
P01313894A1179|54 58|LMP2B
P01321336A0731|19 22|ALF1
P01321337A0318|165 175|calcineurin
P01324404A0813|114 122|HNF-3 beta
P01325221A0870|107 115|MAP kinase
P01328197A0985|27 54|MAP kinase activator/MAP kinase
P01328197A0985|91 93|ras
P01328681A0149|47 51|c-myc
P01330077A0000|0 26|T-cell receptor beta (TCR beta)
P01330309A1134|37 44|myogenin
P01331060A0768|17 28|calcineurin A
P01332964A0247|26 29|beta
P01333035T0000|10 21|cAMP receptor
P01333047A0404|126 128|Nck
P01339373T0000|77 80|SNF1
P01339468A0272|3 6|ORF1
P01339468A0272|92 93|-6
P01348504A0757|11 23|alpha-primase
P01348508A0313|153 156|TGM1
P01349837T0000|47 74|mitochondrial chaperonin HSP60
P01358758A0000|24 31|insulin I
P01371275T0000|50 60|H(+)-ATPase
P01371413A0742|14 19|hGCSFR
P01371863A0000|31 54|differentially-regulated
P01378052A0594|153 156|NtrC
P01378052A0594|160 163|NifA
P01380454A0451|43 47|ref-1
P01380454A0451|133 136|AP-1
P01386897A0000|65 75|CDC28 kinase
P01388160A1102|65 74|the epsilon
P01398068A0948|57 59|p53
P01398074A0697|75 82|RNase MRP
P01398074A1081|8 10|MRP
P01399206A0375|35 45|collagenase
P01402647A0114|0 2|DR1
P01406630A0965|152 159|NF-kappa
P01409581A0206|74 77|PU.1
P01427034A0440|90 92|S13
P01436261A0145|31 42|somatostatin
P01457695T0000a|9 27|beta 2-microglobulin
P01457695T0000b|9 27|beta 2-microglobulin
P01460054A0968|76 88|IFN-inducible
P01467828A0542|52 65|opioid peptides
P01468625A0282|23 26|HIS3
P01480183A0000|30 40|lactoferrin
P01480183A1689|64 74|lactoferrin
P01518849A0165|150 166|alpha 1-proteinase
P01527020A0511|36 54|AdoMet decarboxylase
P01529530T0000|0 23|Interferon-alpha-induced
P01529530T0000|92 96|ISGF3
P01535242A0557|80 84|c-fms
P01537845A0571|51 55|c-myb
P01542667A0125|15 23|IFN-gamma
P01542686A0000|62 64|p75
P01545787A0345|72 77|DNase I
P01545792A0000|28 34|(MLC-2)
P01545792A0492|87 91|MLC-2
P01545797A0587|43 46|SLK1
P01545818A0696|10 35|p62 tyrosine-phosphorylated
P01547957A1083|226 235|polymerase
P01549123A0480|3 6|MET4
P01557411A1282|13 15|D1A
P01569945A0529|3 6|SEN1
P01572549A0000|0 21|Protein tyrosine kinases
P01582413A0759|47 50|bHLH
P01588913A0000|0 0|A
P01588913A0000|35 38|dnaA
P01588965A0000|0 3|GCR1
P01594554A0845|47 53|trypsin
P01630454A0635|55 58|Act1
P01633435A0743|3 7|DRF-2
P01644751A0590|100 103|msgB
P01644831A0824|55 60|NGFI-B
P01646157A0414|166 184|alpha-galactosidase
P01652755A1492|191 200|beta-actin
P01653238A1715|6 14|TGF-beta 1
P01659685T0000|62 64|ras
P01660486A1756|173 175|PKC
P01661369A0825|20 23|strE
P01662794A0640|15 17|wt1
P01674817T0000|27 31|RNA15
P01679124A1368|43 46|ChAT
P01679749A1171|136 140|HSPG2
P01682509A0539|30 31|IE
P01690728A1166|161 170|polymerase
P01692135A0783|15 25|gamma R alpha
P01692135A0783|62 76|different-sized
P01692962A0980|147 152|kinase
P01695905A0480|0 4|GLUT5
P01699944A1538|164 168|c-fos
P01708098A0922|5 17|avidin-biotin
P01710768A1172|123 128|HLA-B7
P01711048T0000|51 59|pro-alpha
P01713213A0000|138 142|Pim-1
P01713213A0000|190 203|tyrosine kinase
P01713213A0488|17 21|pim-1
P01713213A0488|73 77|Pim-1
P01714902A0221|100 106|CD3 zeta
P01720843A1506|51 77|angiotensin converting enzyme
P01721884A0962|84 90|H (RNase
P01721884A0962|186 190|RNase
P01721884A0962|255 259|RNase
P01734283A0817|27 31|RAP74
P01737741A0000|29 44|monoamine oxidase
P01739956A0638|23 27|beta-
P01742606A0000|11 23|beta-spectrin
P01744119A0757|16 22|primase
P01748630A0125|59 63|c-Myc
P01748630A0125|165 167|Myc
P01765266A0000|50 56|1-alpha
P01765375A0290|51 58|clathrin
P01768648A0853|24 27|LexA
P01783088A1136|126 136|fibronectin
P01822995T0000|5 8|rbcS
P01824713A0964|6 8|E1A
P01826043A0431|3 23|pp90rsk-protein kinase
P01826043A0431|175 191|the protein kinase C
P01828248A0189|15 18|UvrA
P01828248A0189|42 45|UvrB
P01829460A0329|68 73|kappa B
P01844017A0410|48 81|glucose-6-phosphatase dehydrogenase
P01847464A0856|206 210|c-myc
P01847665A1079|55 67|PDGF receptors
P01850105A1093|12 16|c-myc
P01850105A1093|50 54|c-myc
P01860846A0663|49 60|factor-alpha
P01864837A1029|127 141|alpha 1-protease
P01874195A0139|167 180|tyrosine kinase
P01878489A0959|80 91|NADPH oxidase
P01883992A0922|95 103|beta-zein
P01901946A0243|61 65|c-fos
P01901950T0000|81 85|c-fos
P01904437A0000|18 21|metH
P01904437A0000|93 96|metR
P01904546A0671|26 29|AAR1
P01915580A0889|87 96|late-phase
P01918073A0150|160 166|kinase A
P01918073A0150|604 610|kinase C
P01922082A0149|20 26|TSH beta
P01968224A0119|160 163|PCNA
P01968224A0119|192 195|PCNA
P01970560A1024|120 137|beta-Galactosidase
P01982997A1104|130 134|c-Jun
P01985920A0156|81 84|SCP2
P01985920A0156|151 154|SCP2
P01986241A0117|20 23|ACE1
P01986360A0000|159 189|(2'-5')oligoadenylate synthetase
P01997465A0276|58 65|collagen
P02010912A0366|73 76|MalT
P02016053A0752|33 36|E74A
P02022188A0112|38 40|BJ1
P02022920A0334|3 11|C4BP alpha
P02023097A0000|41 43|Rev
P02023421A0343|36 43|collagen
P02023904A0120|3 6|CDC7
P02026147A0000|11 53|Ca2+/calmodulin (CaM)-dependent protein kinase
P02030910A0000|33 36|ETS1
P02030910A1070|0 9|Polymerase
P02030910A1070|33 36|ETS1
P02034655A1224|3 8|alpha 4
P02034655T0000|27 34|integrin
P02041088A1053|98 140|the reporter chloramphenicol acetyltransferase
P02044950A0258|8 17|polymerase
P02045366A1149|38 41|KlaA
P02061333A0784|42 45|acvA
P02102823A0492|36 53|beta-glucuronidase
P02105497A1092|137 141|HSP70
P02107073A0584|38 42|STE18
P02110148A0423|99 101|IF2
P02115121A0000|67 98|alpha-ketoglutarate dehydrogenase
P02118525A0737|36 38|CCK
P02123877A1452|21 25|c-fos
P02123877A1452|29 33|egr-1
P02123877A1452|203 217|immediate-early
P02124710A0193|30 34|c-fos
P02124710A0193|38 42|c-jun
P02124710A1624|76 89|alpha I collagen
P02138707A0198|176 180|alpha
P02138915A1060|3 5|p36
P02143186A1306|33 36|AHA2
P02144610A1306|0 14|TCR alpha and beta
P02147223A1047|27 31|c-fos
P02154467A0709|3 5|PC2
P02154467A0709|82 86|furin
P02154474A1504|109 113|P-450
P02154686A0185|97 114|beta-galactosidase
P02157882T0000|58 62|v-abl
P02162467A0311|10 13|cytR
P02162467A0311|51 54|CytR
P02163347A0472|138 142|ets-1
P02163394T0000|3 6|sacT
P02164585A0416|3 6|TraD
P02164588A0266|13 14|HN
P02164637A0515|15 18|IRA2
P02165589A0888|45 49|c-jun
P02167321T0000|48 77|exon-located activator protein-2
P02174974A0000|113 116|xylR
P02176822A0000|22 27|kinase
P02182618A0168|55 91|chloramphenicol acetyltransferase (CAT)
P02188168A0000|5 23|beta 2-microglobulin
P02196565T0000|5 9|Gal11
P02200315A0278|6 16|IgM antibody
P02204029A0184|0 4|RNase
P02204029A0184|77 81|N-ras
P02204029A0184|145 149|N-ras
P02233715A0914|35 38|IL-6
P02236060A1671|80 94|N-myristoylated
P02236064A1178|0 7|S6 kinase
P02237431A0000|38 42|alpha
P02237431A0000|134 139|C alpha
P02241892A0681|77 87|sialophorin
P02247069A0261|3 6|TUP1
P02247081A0223|101 105|VPS34
P02252891T0000|0 12|65-kilodalton
P02253274A0000|133 137|mtDNA
P02256678A1224|89 93|HSC82
P02272095A0832|45 55|enkephalins
P02293664A0946|36 43|vimentin
P02298741A0809|55 65|alpha, beta,
P02307371A0263|195 199|c-myc
P02307850A1197|14 19|RNKP-1
P02320008A0651|33 49|alpha-tropomyosin
P02324104A0151|40 57|phosphotransferase
P02324104A1195|159 168|CeCAT alpha
P02330041A0335|167 170|rRNA
P02391344T0000|49 50|b5
P02403926A0307|43 67|beta gal-trk receptor kinase
P02405393T0000|66 72|c-ets-2
P02452313A0114|35 53|beta-adrenoreceptor
P02457922A0991|106 117|2.8-kilobase
P02466665A0202|8 18|IGF-binding
P02468795A1086|18 28|phosphatase
P02473907A1338|63 72|Fc epsilon R
P02473907A1338|147 156|Fc epsilon R
P02474093T0000|0 26|Angiotensin converting enzyme
P02474110A1039|54 80|angiotensin converting enzyme
P02475506A0878|42 51|polymerase
P02482293A1518|56 81|EGF-R tyrosine protein kinase
P02482511A0860|5 21|phosphodiesterase
P02483210A0000|58 64|trypsin
P02483438A0498|75 91|phosphodiesterase
P02498322A0226|11 21|DNA-protein
P02500432A1416|104 115|1.6-kilobase
P02507523A0791|3 6|ORF1
P02511430A0000|56 69|immunoglobulin
P02518691A0251|200 208|IL2R alpha
P02523800A1178|36 39|CHS1
P02528329A0000|50 60|F1F0-ATPase
P02536096A0327|100 131|chloramphenicol acetyltransferase
P02536096A0327|221 252|chloramphenicol acetyltransferase
P02543679A1291|68 71|DnaJ
P02555177A0488|78 81|COX1
P02555177A0488|124 127|COX3
P02555177A0488|150 153|COX1
P02555703T0000|0 13|Tyrosine kinase
P02555703T0000|136 140|c-myc
P02557217A0398|37 50|beta-endorphin
P02565807A1198|41 46|kinase
P02585492A1005|46 47|P7
P02585492A1005|103 104|P1
P02601707A0986|32 37|DNase I
P02648396A0565|33 37|c-jun
P02674674A1308|64 67|OBF1
P02686749A0000|161 179|beta 2-microglobulin
P02686985A0811|0 0|A
P02708353A1452|17 26|polymerase
P02711601A0601|32 42|phosphatase
P02714852T0000|26 30|HLA-C
P02761008X0000|5 18|cholinesterase
P02789217A1323|6 8|IL6
P02790009A1052|96 103|protease
P02796988A0735|22 24|Sp1
P02811378A0379|53 56|S100
P02824334A0972|23 31|G-protein
P02834843A0000|40 61|derivatives--rifabutin
P02844767A0191|42 46|petCA
P02844767A0596|43 46|psbB
P02846852A1459|11 21|polymerases
P02868446A0184|31 39|RPase beta
P02868446A0184|147 151|RPase
P02895754A0000|46 62|phosphodiesterase
P02901763A0977|230 242|mitochondrial
P02902927A0145|41 45|GHF-1
P02935638A0000|49 53|Spec1
P02941237A0160|146 170|(e.g., alkaline phosphatase
P02962859A0276|36 53|beta-galactosidase
P02970061A0271|3 7|RAD18
P02970640A0341|62 64|E1A
P02985820A1287|57 61|c-myc
P02987220A0472|31 42|8.5-kilobase
P02988457A0650|56 63|Bestatin
P02995967T0000|55 93|c-erbB-1/epidermal growth factor-receptor
P03001110A0546|79 113|self-phosphorylation, tyrosine kinase
P03001645A0785|11 14|his3
P03003695A0395|32 36|c-sis
P03004982A1094|49 51|FeS
P03013477A0000|259 266|ferritin
P03013477A0000|326 333|ferritin
P03014515T0000|5 23|alpha-galactosidase
P03015628A1078|169 192|serum alkaline phosphatase
P03016301A0605|8 12|v-myc
P03016301A0605|76 80|c-myc
P03023887A0470|0 7|Nuclease
P03023970A0922|113 115|p53
P03035056T0000|15 27|kappa antibody
P03036415T0000|11 25|cyclo-oxygenase
P03038643A1374|38 51|alpha-spectrin
P03038891A0935|63 65|p11
P03049570A1242|33 34|E2
P03053713A0752|18 21|DPM1
P03062370A0384|24 27|GCN3
P03065141A0448|99 102|citB
P03119227A0079|75 79|c-abl
P03119227A0079|182 195|tyrosine kinase
P03166458A1356|0 0|A
P03194410A0771|2 7|UOxase
P03194410A0771|95 100|UOxase
P03259437A0140|26 38|alpha-amylase
P03275873A0379|104 117|alpha-amanitin
P03319621A0707|34 37|beta
P03329716A0187|51 53|E1A
P03338154T0000|36 42|trypsin
P03346210A0000|67 80|tyrosine kinase
P03417668A1233|52 57|(alpha
P03443144A0409|11 18|esterase
P03499608A1054|91 106|beta-hydroxylase
P03507689A0000|191 208|beta-galactosidase
P03537686A0099|50 67|supF suppressor tRNA
P03537721A0491|60 63|PEP4
P03537721A0876|86 89|PEP4
P03543936A0000|3 5|rho
P03543936A0000|78 80|ras
P03696899T0001|10 23|erythropoietin
P03697971A0311|30 39|peroxidase
P03802195A0481|100 103|ToxR
P03878585A0507|124 131|flow/min
P03939317A0352|84 93|HS-protein
P03953361A0000|100 123|myocardial creatine kinase
P04013604A0412|92 103|slow-release
P04364369T0000|0 9|Pre-beta-1
P04843031T0000|11 31|galactosyltransferase
P04967824T0000|38 44|melanin
P05170106T0034|105 111|trypsin
P05567721T0000|15 29|thromboplastins
P05930797T0000|27 39|isoprecipitin
P06096863T0000|28 31|CYC1
P06208024A0168|37 42|DNase I
P06244732T0000|18 37|serum creatine kinase B
P06316347A0852|72 89|beta-galactosidase
P06318078T0000|37 41|gamma
P06318078T0000|94 98|alpha
P06325415A0757|129 131|Ad5
P06501086A0165|176 189|alpha-globulin
P06513456T0001|0 12|Adenyl cyclase
P06585277A0000|71 81|phosphatase
P06684624A0736|7 29|N-acetylglucosaminidase
P06689413A0174|92 97|K alpha
P06698047A0445|3 11|Prolactin
P06784123T0000|16 32|immunoglobulin C mu
P06795832A0148|30 40|HBe-antigen
P06795900A0000|23 37|cyclo-oxygenase
P06858805A0314|68 78|Trycophytin
P06895559A0000|54 70|phosphodiesterase
P06953957A0503|0 20|Whereas creatine kinase
P07062269A0798|29 42|opioid receptor
P07107462A0202|81 89|(increase
P07293100T0001|0 6|Gastrin
P07385933A0085|64 65|mu
P07473169A0133|104 111|catalase
P07478514A0237|28 32|B-myc
P07478523A0551|124 126|RET
P07487908A0230|61 96|chloramphenicol acetyltranferase (CAT)
P07488291A0934|41 52|somatostatin
P07489502A0000|17 19|NS1
P07490770A0267|17 20|coxI
P07494244A0335|61 65|c-fos
P07495726A1189|97 101|Bcl-2
P07496400A0525|35 39|HMGR1
P07496400A0525|107 112|HMGR1L
P07500386A0870|12 17|GapIII
P07500950A0000|29 32|rolC
P07500953A0305|4 7|ADR1
P07500953A0305|58 68|peroxisomal
P07500953A0305|101 104|ADR1
P07507207A0991|80 84|IRF-2
P07508954A0000|3 15|avidin-biotin
P07511496A1511|33 42|E-selectin
P07511818A0485|206 213|IFN-beta
P07516466A1054|184 187|CREB
P07516866A0000|136 145|polymerase
P07518561A0496|22 27|p72syk
P07518561A0496|35 48|tyrosine kinase
P07518578A0000|277 285|pp60c-src
P07519481A1275|156 160|c-kit
P07522163T0000|20 30|cytochrome c
P07526609A0736|59 61|PKR
P07528531A0904|18 22|G-CSF
P07528772A0616|111 134|glutathione S-transferase
P07528772A0616|273 279|TCR zeta
P07528772A0616|309 315|TCR zeta
P07530502A0974|85 89|c-kit
P07530502T0000|46 59|tyrosine kinase
P07530502T0000|89 93|c-kit
P07533758A1038|35 38|RfbA
P07533880T0000|3 6|FinO
P07534297A0141|74 87|AP endonuclease
P07535768A1076|0 3|HVH2
P07537362A1112|45 49|v-Src
P07537851A0891|156 160|IRF-1
P07540866A1069|55 63|MAP kinase
P07542616A0486|0 4|GCD10
P07544357A0808|147 150|CD44
P07547510A0261|244 252|HNF-3 beta
P07553942A0810|105 109|rps10
P07557446T0000|37 41|VCSA1
P07558583A0562|129 150|Src-like tyrosine kinase
P07559402A0622|66 72|kinase C
P07559524A0741|55 71|mitogen-activated
P07559650A0558|27 30|PCNA
P07565712A0286|26 29|LYS2
P07565776A0612|22 25|PBS2
P07575416A1970|98 104|PKC zeta
P07576307A0144|75 90|enkephalin (rENK)
P07579683A0660|86 90|c-myc
P07579695A0693|37 40|Mif2
P07580058A0000|88 107|plasminogen activator
P07582316A0696|33 37|(case
P07585559A0000|181 191|alpha-actin
P07588633A0362|19 23|c-fos
P07590283A0820|25 36|TdT::Pol beta
P07590283A0820|82 91|polymerase
P07592710T0000|3 22|interferon-inducible
P07592723A0814|102 104|PKC
P07592723A0814|134 136|PKC
P07592730A0204|8 13|TSG-14
P07592771A0258|8 23|beta 2-syntrophin
P07601445A0207|165 168|DEAD
P07605990A1110|70 75|GM-CSF
P07610052A1064|206 208|APP
P07615541T0000|56 79|porphobilinogen deaminase
P07616056A0278|4 5|mu
P07616563A0532|65 70|DNase I
P07616569A0168|111 123|dehydrogenase
P07616569A0168|150 155|ATPase
P07622058A0411|3 12|PEBP2 alpha
P07622521A0418|27 36|G beta gamma
P07623807A0162|43 47|Raf-1
P07623840A0352|78 83|kinase
P07623844A0639|14 18|Bcl-2
P07623844A0639|101 105|H-ras
P07626806A1098|3 6|RAT3
P07628389A0145|13 24|factor-alpha
P07628438T0000|13 27|insulin receptor
P07629103T0000|29 40|isoforms beta
P07629103T0000|112 122|beta-casein
P07629196A0274|130 152|kinase/stress-activated
P07629196A0274|160 165|kinase
P07633444T0000|65 73|WD-repeat
P07635572A1153|30 38|IFN-gamma
P07640309A0000|3 12|C-terminal
P07640309A0000|103 107|TCF-1
P07642538A0744|48 53|kinase
P07642544A0868|127 135|NF-kappa B
P07646439A0535|10 13|both
P07649098A0676|285 289|IGF-I
P07649098A0676|318 322|IGF-I
P07649098A0676|447 452|kinase
P07651131A1407|19 24|DNase I
P07651398A0257|11 14|dShc
P07651734A0961|43 48|LIMK-1
P07651734A0961|94 99|LIMK-2
P07652582A0000|0 8|INF-alpha
P07653812T0000|17 30|cholinesterase
P07655505A0527|21 24|GT-2
P07656588A0101|168 171|FUT2
P07657162A1412|39 43|LEF-1
P07665172A0000|86 100|tissue-specific
P07665567A0495|43 46|CD69
P07666414A0614|30 34|tmy-1
P07672821A0763|39 39|H
P07672822T0000|48 70|pre-T-cell receptor alpha
P07678006A0472|0 4|RNase
P07678051A1303|3 7|PDGFR
P07679390A0721|0 4|RNase
P07679390A0721|86 89|DDT1
P07682842A0294|107 112|fMLF-R
P07685263A0503|8 17|polymerase
P07685823A1234|76 81|DNase I
P07685874A0258|167 173|amylase
P07689154A0168|50 52|uPA
P07689154A0168|260 262|uPA
P07691885T0000|63 67|c-kit
P07691885T0000|137 141|c-kit
P07693132A0100|62 70|Zm-ERabp5
P07693672A0259|0 5|DNase I
P07693975T0000|0 19|Reverse transcriptase
P07693975T0000|23 30|protease
P07702752A0545|75 89|cAMP-stimulated
P07702752A0545|190 196|P450c17
P07704273A0000|125 138|beta-lactamase
P07707523A0704|26 34|NF-kappa B
P07720710A0861|9 12|HMG2
P07721878A1163|125 133|Fc epsilon
P07730273A1309|3 6|NarX
P07730273A1309|10 13|NarQ
P07730337A1439|12 20|PKC-gamma
P07730337T0000|42 56|neuron-specific
P07730337T0000|64 70|kinase C
P07731898A0823|216 223|catalase
P07737118A0317|55 58|LexA
P07737118A0317|71 73|GST
P07739382A0457|76 91|actin-associated
P07739544A0364|34 37|SGC1
P07742363A0941|108 119|casein kinase
P07745693A0914|32 43|Lb proteinase
P07748952A1329|179 183|RNase
P07758459A1277|11 14|AAC2
P07759525A0417|61 66|kinase
P07759525A0417|108 114|kinase I
P07759529A0288|64 72|gp91-phox
P07760790A0327|17 20|MEF2
P07760819A0731|59 74|PDGF beta receptor
P07760844A0413|79 83|c-fos
P07765118A0967|21 31|ACC-oxidase
P07768848A1880|56 59|cotE
P07774807A0405|3 6|bHLH
P07774807A0405|58 72|tissue-specific
P07779812A0000|3 7|c-myc
P07791760A0424|0 3|GnRH
P07791763T0000|29 43|insulin receptor
P07791763T0000|79 106|phosphatidylinositol 3-kinase
P07796935A0284|83 91|hTR alpha 1
P07796935A0284|100 111|c-erbA alpha 2
P07797077A0842|105 114|interferon
P07797583A0222|151 154|PCNA
P07797583A0222|241 244|PCNA
P07798134T0000|3 7|hsp70
P07798217T0095|24 31|kinase-3
P07799939A0628|3 9|27-base
P07799948A0777|66 76|Raf-1 kinase
P07799948A0777|115 119|Raf-1
P07799950A0282|63 74|somatostatin
P07803809A1852|52 62|beta-globin
P07803809A1852|88 101|tyrosine kinase
P07803809A1852|123 139|the protein kinase C
P07806507A0121|93 99|CD3 zeta
P07813466A0074|3 5|U14
P07814321A0850|14 17|prfA
P07814323A0313|43 46|FliQ
P07814405A1170|81 95|guanylyl cyclase
P07816025A0196|41 53|gamma-kafirin
P07816630A1333|81 93|beta-tubulin 2
P07828600A0095|55 66|gamma-globin
P07829519A1251|145 160|immunoglobulin mu
P07836218A0128|35 48|beta-endorphin
P07844155A0327|40 59|tyrosine phosphatases
P07854130T0000|3 6|pilE
P07857762A0611|3 11|MAP kinase
P07860208A0000|66 77|factor-alpha
P07862150A0429|114 121|TGF-beta
P07862162A0408|61 64|OPI1
P07863047A0229|29 31|ACE
P07865917A0191|98 100|ACE
P07867604A1777|31 58|inhibin/activin beta B-subunit
P07872673A0332|41 45|c-fos
P07872673A0332|107 111|c-fos
P07877619A1284|61 66|zif268
P07880442A0236|8 14|PKC beta
P07883167A0157|31 34|UPF3
P07885999A0000|77 86|tyrosinase
P07887226A0858|21 28|ferritin
P07887226A0858|65 83|transferrin receptor
P07888828A0765|43 49|RH-like
P07890674A0916|3 10|catenins
P07890674A0916|23 32|E-cadherin
P07890674A0916|54 56|APC
P07890674A0916|60 69|E-cadherin
P07890740A0997|3 6|PSD2
P07891713T0000|5 7|Maf
P07896088A0720|74 77|RAP1
P07896846T0000|105 115|beta-myosin
P07896852T0000|38 42|Egr-1
P07902532A1655|60 64|BOXF1
P07913891A0174|130 132|Hox
P07914192A0211|45 50|DNase I
P07914192A0211|207 210|HER2
P07914700A0000|31 48|alpha protein kinase
P07916689A1407|22 25|POT1
P07919540A0240|53 57|c-myc
P07919540A1119|52 56|c-Myc
P07926748A0383|0 3|NOT4
P07926789A0960|27 30|lacZ
P07929411A0087|49 58|Drosophila
P07933066T0000|108 112|E2F-1
P07933095A0000|157 159|Sp1
P07933107A0991|39 41|p54
P07933116A0412|3 5|p55
P07933116A0412|42 43|B-
P07935375A1197|30 32|ras
P07935383A0108|7 11|RNase
P07935447A0972|219 230|alpha-myosin
P07935451T0000|143 147|c-rel
P07935468T0000|12 16|c-fos
P07936650A1752|31 41|ets-1/ets-2
P07937147A0205|35 36|pi
P07937965T0000|6 10|c-myc
P07941750A0344|66 69|HyuA
P07945330A0103|58 62|Rex-1
P07945937A0358|97 100|Egr1
P07949164A0799|90 93|IL-6
P07951410A0647|154 158|E2F-1
P07951410A1332|0 2|E1A
P07957559A1557|93 100|S6 kinase
P07958920A1157|28 31|SNM1
P07958920A1157|57 61|RNase
P07959011A0379a|42 51|class-I ADH
P07959011A0379b|42 51|class-I ADH
P07961957A1565|96 104|alpha-MHC
P07964162A0941|46 54|MAP kinase
P07969116A0196|3 7|Nur77
P07969136A0273|114 122|NF-kappa B
P07969181A0313|123 125|p53
P07971709A0907|56 62|rhG-CSF
P07972237A0665|66 70|N-myc
P07981246A0112|158 162|c-fos
P07982964A1017|40 56|phosphodiesterase
P07983011A0617|157 175|kinase kinase kinases
P07988731A1301|69 71|GBF
P07999995A0000|0 13|A receptor-like
P08001136T0000|14 33|CDK-activating kinase
P08001792A0284|30 34|git10
P08001792A0284|90 105|adenylate cyclase
P08005230A0222|76 80|c-fos
P08007975A0000|3 6|IPL1
P08011166A0207|116 125|polymerase
P08013457A0342|71 92|tyrosine kinase receptor
P08016102A1238|73 81|NF-kappa B
P08021175A0486|92 108|cyclic AMP receptor
P08021177A0000|35 46|enterobactin
P08029334T0000|20 26|omega-3
P08034318A0724|129 132|NF-1
P08034680A0180|19 25|zeta PKC
P08034680A0180|35 43|NF-kappa B
P08034680A0180|88 100|I kappa B kinase
P08034741A0000|83 89|myosin I
P08039422A0000|3 23|nerve growth factor beta
P08044794A0000|42 44|p53
P08044802A0462|111 113|p53
P08049521T0000|84 92|pp60v-src
P08051074A0000|136 141|DNase I
P08051151A0347|72 95|transcription-polymerase
P08057833A0573|6 9|ParA
P08063108A0109|3 6|acfD
P08063766A0595|91 101|both kinases
P08063791A1370|120 122|Ras
P08063836A0904|28 32|c-myc
P08065324A0458|29 33|snRNA
P08067013T0001|27 57|creatine phosphokinase antibodies
P08070654A0574|43 57|calmodulin-like
P08072547T0000|40 54|H-Ras-activated
P08076631A0000|31 34|AP-1
P08083220A0988|75 79|c-fos
P08083963A0795|99 117|DNase I footprinting,
P08086450A0467|62 66|hATP1
P08093616A1214|0 5|DNase I
P08093616A1214|85 89|alpha
P08097732A0000|38 43|Spec2a
P08099443A0359|96 99|GCN2
P08101839A0000|48 51|mdr1
P08101843A0151|3 21|tyrosine hydroxylase
P08106313A1492|75 78|HrpS
P08106512A0522|116 132|(interferon-alpha
P08106512A0522|146 155|interferon
P08108343A0000|57 60|GnRH
P08111035A0098|103 120|beta-glucuronidase
P08118044A0318|0 5|GATA-1
P08119149A0000|13 24|factor-alpha
P08119907A0000|35 40|p21ras
P08119958A0273|149 153|PKC mu
P08123787A0554|47 50|HemB
P08124912A0456|71 93|LDH, beta 2-microglobulin
P08125319A1085|3 6|ipiO
P08125949A1162|101 105|rpl12
P08132541A0000|49 51|MAL
P08134108A0277|3 7|c-myc
P08134108A0277|19 29|alpha-actin
P08138180A0593|90 94|SPT10
P08139001A1235|52 54|NS1
P08139017A1465|111 115|Ets-1
P08139542T0000|43 46|CPA1
P08139914A0554|30 34|dnHLH
P08144037A0000|33 49|dithiol-reductase
P08144572A0786|104 108|Hsp70
P08144852A0000|189 207|11-beta-hydroxylase
P08145770A1078|53 55|PKC
P08149484A0151|65 67|PKC
P08149484A0151|86 88|PKC
P08149484A1551|57 59|PKC
P08157009T0000|26 29|APS1
P08157674T0000|63 76|tyrosine kinase
P08164680A1086|17 24|protease
P08178446A1160|46 48|ras
P08182041A1067|103 106|CREB
P08182056A0695|41 44|NQO1
P08182056A0695|85 88|NQO2
P08183552T0000|8 12|eps15
P08183915A0000|83 91|NF-kappa B
P08183915T0000|57 90|NF-kappa B gene generates I kappa B gamma
P08188603A0230|96 99|CPA2
P08195217A0799|108 113|37-kDa
P08206848A0296|10 13|pyrP
P08207805A0000|3 5|p53
P08208540A0000|19 23|NFKB2
P08209772A0167|3 5|ns2
P08219081A0000|3 8|PRB-1b
P08219081A0000|68 71|PR-1
P08220494A0231|68 72|cyt-1
P08223425T0000|8 11|SSS1
P08226616A0000|3 7|nit-3
P08226956A1397|68 71|fad7
P08228805A0540|123 136|tyrosine kinase
P08230452A0551|43 44|P1
P08232412A1342|3 8|lemdr1
P08234276A0556|87 95|NF-kappa B
P08251622A0000|62 65|napA
P08260635A0926|102 106|GAPDH
P08261398A0392|72 76|alpha
P08264631A0746|99 102|ADH2
P08268718A0676|5 8|bcl3
P08276234A0119|91 95|c-fos
P08276762T0000|72 72|2
P08276865A1188|3 8|kinase
P08281536A0626|0 12|Interleukin-6
P08286035A0587|142 151|polymerase
P08288240A1343|55 59|SCG10
P08288554A0295|37 40|HO-1
P08289783A0000|3 9|Oct-3/4
P08289831A0290|109 128|IFN-gamma-responsive
P08298129A0274|80 84|beta 3
P08298129T0000|59 63|beta 3
P08300527T0000|63 76|A decarboxylase
P08300611A0341|77 80|TraI
P08309953A0776|27 42|dopamine receptor
P08325883A0368|24 27|RBP1
P08331067T0000|63 86|endo-N-acylneuraminidase
P08349104A0000|33 37|GAL10
P08349632A0679|110 112|psi
P08350061A0209|54 56|CD8
P08352268A0000|16 29|erythropoietin
P08355680A0824|149 159|gamma-actin
P08355697A0000|53 67|tyrosine kinases
P08356792A1275|13 16|p21X
P08356792T0000|0 5|HTLV-1
P08357834A0285|56 64|PKC-delta
P08357834A0285|225 227|PKC
P08361755A0734|48 59|NF-kappa B p50
P08361755A0734|132 140|NF-kappa B
P08361761A0174|332 337|kappa B
P08375651T0000|3 20|Drosophila clathrin
P08376397A0788|81 83|E2F
P08378082A1031|48 49|RB
P08380896A0938|40 49|polymerase
P08383217A0357|69 73|Bel-1
P08386317T0000|14 55|phosphatase 2A dephosphorylates protein kinase
P08386317T0000|72 75|CREB
P08386317T0000|88 91|CREB
P08386318A1102|10 13|IL-6
P08387507A1015|15 19|Myf-5
P08387519A0000|42 47|desmin
P08387994A0980|3 7|orf61
P08388543A1263|116 122|kinase C
P08388543A1263|181 183|Ras
P08394464A1080|11 13|Rev
P08395004A0141|147 150|HIS4
P08395004A0558|65 73|SPT2/SIN1
P08395654T0000|75 83|aromatase
P08396261A0388|155 169|adenylyl cyclase
P08396667T0000|10 14|v-abl
P08396713A0305|155 164|Ah receptor
P08400240A0166|68 79|gamma-globin
P08413186A1199|3 6|Ntl1
P08413205A0733|44 48|Pax-8
P08413215A0327|33 41|NF-kappa B
P08413223A0847|23 39|IL-1 beta NF-kappa B
P08413260A1437|24 25|Rb
P08413291A1473|29 35|TnI-CAT
P08414502A0244|73 75|p53
P08415637A0000|97 107|GTP-binding
P08417331A0745|16 19|HIR1
P08417331A0745|34 39|88-kDa
P08420571A1880|14 18|PACE4
P08428750T0000|40 54|calmodulin-like
P08428940A1763|86 89|MerR
P08428952A0399|8 16|L-plastin
P08428953A1718|61 78|beta-galactosidase
P08428953A1718|144 152|L-plastin
P08428953A1718|377 385|L-plastin
P08429019A0735|3 8|DNase I
P08432696A1117|67 75|(protease
P08438584T0000|83 87|C1-C2
P08440688A1509|27 36|both G alpha
P08441394A1297|80 84|c-fos
P08441394A1297|147 149|Ras
P08441411A1260|32 36|Gfi-1
P08441423A0145|40 43|GCD7
P08442384T0000|3 6|SCH9
P08443340A0522|120 137|beta-glucuronidase
P08449943A0225|83 101|these kinase isozymes
P08453101A0128|52 56|c-jun
P08454591A0692|60 63|TSG6
P08454858A0285|0 7|Ig-alpha
P08455623A0630|122 125|NOP1
P08473731A0149|21 23|B29
P08476854A0097|0 5|DNase I
P08483479A1056|213 220|collagen
P08496157A0000|3 7|bcl-2
P08497269A0999|46 49|GCN1
P08503348A0226|6 17|CoA reductase
P08505340T0000|91 91|2
P08508778A0112|30 33|NOP1
P08508778A0112|62 72|fibrillarin
P08509335T0000|39 56|1,3-beta-glucanase
P08509430A0372|125 128|psaB
P08510924A0490|59 63|HSP70
P08514766A0732|3 8|GTPase
P08516324A0000|166 168|EWS
P08516324A0000|224 227|FLI1
P08522511A1578|26 29|pelA
P08522511A1578|66 83|beta-glucuronidase
P08522511A1578|126 143|beta-glucuronidase
P08522530A1342|4 7|nifA
P08524267A1022|54 69|prothymosin alpha
P08530384A0559|68 70|Oct
P08532536A0925|43 50|TGF-beta
P08533473A0375|31 34|ADH1
P08534855A0000|14 17|FAD7
P08536694A0000|0 13|Protein kinases
P08538052A0000|276 286|DNA-binding
P08538052A0000|353 357|c-myc
P08538483A0207|135 138|GnRH
P08542027A1471|3 5|XS2
P08544820T0000|97 101|Lsp-2
P08550470A1021|9 12|CheW
P08550476A0610|61 64|EpiQ
P08550476A0610|109 112|EpiQ
P08551572A0155|81 84|pp38
P08552042A1497|113 132|steady-state poly(A)+
P08552045A0973|29 39|phosphatase
P08552082A0480|104 119|actin-associated
P08554540A1480|26 28|HIT
P08556707A1390|74 76|p53
P08566751A0455|48 50|Hox
P08567683A0401|8 11|purH
P08569680A0636|7 10|areA
P08569684A0000|122 128|kinase C
P08569684A0000|163 172|polymerase
P08575618A1138|0 4|RNase
P08576042A0765|16 19|HrcA
P08580083A0259|148 179|chloramphenicol acetyltransferase
P08582143A0614|143 156|beta-lactamase
P08583846A0121|32 37|beta-2
P08584035A0740|158 168|DNA-protein
P08585324A0467|28 31|SSC1
P08589358A0235|36 49|erythropoietin
P08590465A0773|50 53|URA1
P08590465A0773|100 103|URA2
P08595878A0201|76 111|Sevenless receptor tyrosine kinase (RTK)
P08598449A0784|144 158|tyrosine kinases
P08599945T0000|14 27|alpha-amanitin
P08603921A1346|41 53|the calmodulin
P08604338A0198|16 20|FLI-1
P08604338A0885|101 105|FLI-1
P08605302A1770|173 176|CatA
P08608222T0000|109 113|STAT1
P08612852A0553|19 23|IGF-I
P08614403A0557|26 38|Rev-erbA alpha
P08617238A0334|30 41|p38 MAP kinase
P08617238A0334|88 99|p38 MAP kinase
P08617800A0150|27 32|erbB-2
P08617800A0675|0 5|DNase I
P08618433A0000|33 36|FLT3
P08618433A0000|71 97|FLT3, tyrosine kinase receptor
P08618882A0343|103 107|BZLF1
P08620856A1172|113 117|c-kit
P08620856A1172|210 214|c-kit
P08621420A1166|79 87|NF-kappaB
P08621542A0535|47 69|(JNKs)/stress-activated
P08622698T0000|33 52|CBF1/RBPJk-repressed
P08622893A0000|27 41|tyrosine kinases
P08625987A1086|35 43|both VpreB
P08626065A0000|87 90|citB
P08626325A0543|50 53|UmuD
P08626596A0000|35 47|AMP-activated
P08626596A0000|55 60|kinase
P08626809A0729|73 82|eIF-2alpha
P08626809A0729|114 123|eIF-2alpha
P08627649A0734|182 184|Sp1
P08628255A0932|36 45|luciferase
P08628284A0181|46 49|lacZ
P08630599A0534|14 20|elastin
P08631667A0851|91 100|dTMP kinase
P08631667A0851|156 172|thymidylate kinase
P08631820A0755|25 28|FPS1
P08633855A1064|3 6|lacS
P08634423A0498|53 56|lacZ
P08637717A0817|97 99|p21
P08637717A1231|0 3|A p21
P08639561T0000|19 23|N-ras
P08641705A0986|135 145|beta-globin
P08642285A1548|87 108|antibodies against STAT1
P08642313T0000|129 141|factor-kappa B
P08643513A0361|45 61|acetyltransferase
P08643578A0532|12 14|Rho
P08645214A1052|72 90|catalase-peroxidase
P08647086T0000|56 63|cyclin D1
P08647086T0000|87 94|cyclin D1
P08647091A0592|40 44|Adh-2
P08649372A0501|0 15|Clb2/Cdc28 kinase
P08649373T0000|79 83|c-myc
P08649389A0692|143 147|c-myc
P08649403A0963|82 93|SNF1-encoded
P08649405T0000|0 2|Sp1
P08649424A0000|15 38|phenylalanine hydroxylase
P08649425A0373|57 62|DNase I
P08649428A1227|65 69|c-mos
P08649841A0956|145 147|CAT
P08657135A1444|84 84|E
P08661100A0285|68 70|App
P08661119A0085|22 32|EP4 receptor
P08662617A2051|59 68|HP-binding
P08663141T0000|120 134|angiotensinogen
P08663219A0246|19 23|PGS-2
P08663310A0157|86 100|immediate-early
P08663326A0000|25 28|DmpR
P08663392A0215|32 35|DSG3
P08665853A0228|65 68|ErbB
P08666404A0311|78 104|serine-threonine phosphatase
P08668124A0744|23 26|TDH3
P08668158A1252|29 32|RPM1
P08668210A0000|61 87|Raf-1/MEK/mitogen-activated
P08668210A0000|95 100|kinase
P08670853A0000|18 27|E-cadherin
P08676266A0838|15 22|protease
P08676858A0309|36 42|S-RNase
P08676858A1084|31 40|T2/S-RNase
P08683106A0374|15 23|IFN-alpha
P08683106A0374|33 37|STAT1
P08683106A0374|89 97|IFN-alpha
P08683106A0374|120 124|STAT1
P08683108A0965|44 47|CREB
P08683108A1501|48 64|the protein kinase A
P08683983A1163|74 78|c-myb
P08688190A0000|24 53|nevadensin 5-O-beta-D-glucoside
P08702756A0000|67 78|actin-myosin
P08702807A0964|78 81|MKK1
P08702807A0964|136 143|cyclin D1
P08703005A0645|90 92|Sp1
P08703010A0905|147 152|GAP-43
P08704240A1111|49 52|CREB
P08706662A1125|35 42|perforin
P08706731A1303|84 88|Ypr10
P08706731A1303|236 240|PR-10
P08707922A0334|56 66|beta-globin
P08710371A0000|100 102|p53
P08710371A0000|176 178|p53
P08720407A1386|95 112|interleukin-1 alpha
P08728040T0000|63 71|Jun kinase
P08732665A0000|35 42|c-erbB-2
P08750190A0000|134 137|CD44
P08756332A0000|12 14|Ras
P08756332A0000|31 41|GTP-binding
P08756332A0000|136 141|kinase
P08756636T0000|31 35|Rad51
P08769409A0114|56 63|RAR beta 2
P08770021T0000|67 69|Ras
P08770896A1121|30 35|IGF-II
P08781119A0723|29 37|Met-ase-1
P08792217A1407|41 46|TIMP-2
P08792217A1407|202 207|TIMP-2
P08794339A1162|55 58|CREB
P08794339A1162|116 127|CREB-binding
P08794339A1162|158 161|CREB
P08794363A0259|68 74|jun-fos
P08794869A0274|46 53|PKC-zeta
P08794869A0274|72 79|integrin
P08798512A1197|53 57|u-PAR
P08798610A0843|148 158|GTP-binding
P08798762A1279|61 63|Cut
P08805338A1061|23 26|OGG1
P08805338A1061|55 71|glycosylase/lyase
P08808120A0774|178 185|ferritin
P08808707A0631|78 93|stress-activated
P08808707A0631|101 106|kinase
P08808927A0417|40 43|vspA
P08808939A0000|97 100|CcpA
P08816459A0090|61 66|RevErb
P08816460A1769|36 44|Jun kinase
P08816498A0000|25 29|Raf-1
P08816504T0000|151 153|Ras
P08816507A1125|56 58|p53
P08817323A0714|58 65|DXS6673E
P08817323A0714|126 133|DXS6673E
P08818718A1229|123 126|MDR1
P08820642A0173|18 21|hrpZ
P08824798A0761|5 13|ESP1/CRP2
P08824798A0761|92 104|cysteine-rich
P08825636T0000|79 81|p50
P08825636T0000|112 120|NF-kappa B
P08825636T0000|153 170|NF-kappa B-mediated
P08833153A0628|27 31|hCHLR
P08833653A0783|37 42|amylin
P08836172A1382|125 132|myogenin
P08837746A0951|26 30|BrAAP
P08838805T0000|29 40|beta-catenin
P08839832A0729|17 21|CD30v
P08839832A1220|32 36|CD30v
P08840501A0345|30 42|actin-related
P08845378A0368|71 75|MZF-1
P08849778A0226|36 39|repA
P08864061A0000|12 26|thymidine kinase
P08868954A0648|123 149|angiotensin converting enzyme
P08871542A1352|134 138|Thbs3
P08871635A0000|0 32|B cell antigen receptor (BCR)-induced
P08877103A0081|53 56|mdr2
P08882710A0000|99 114|interferon-alpha
P08891131A0000|30 54|vanA-mediated glycopeptide
P08891345A0684|49 53|c-mos
P08892755A0186|57 60|JAK1
P08892859A0563|96 100|C-MYB
P08896280A0860|51 54|IME2
P08898336A0268|0 4|RNase
P08898893A0202|3 7|PAI-2
P08898893A0202|129 139|phosphatase
P08900190A0430|63 84|MAP kinase phosphatase-1
P08901135A1132|3 6|NIT2
P08910292T0000|21 31|GTP-binding
P08910292T0000|40 43|Rac1
P08910292T0000|72 94|kinase/stress-activated
P08912807A0411|139 149|beta-casein
P08914522A0118|29 34|kinase
P08914532A0598|22 52|(1-->4)-beta-xylan endohydrolase
P08915508A0000|267 286|reverse transcriptase
P08916960A0350|92 96|bcl-2
P08916960A1331|55 59|bcl-2
P08916960A1331|126 130|bcl-2
P08917435A0481|72 76|PAI-1
P08917435A0481|120 124|c-jun
P08918810A0967|7 12|DNase I
P08918885A0811|0 3|Kss1
P08918918T0000|50 52|Tat
P08919907A0763|21 25|VSF-1
P08921387A1182|131 134|EZH1
P08922385A0622|77 94|beta-galactosidase
P08923470A0458|4 8|gamma
P08927612T0000|0 5|Ki-ras
P08927612T0000|9 11|p53
P08932385T0000|5 7|Maf
P08934540A0673|3 17|nm23-H1/nm23-H2
P08938420A0862|21 24|LHA4
P08938420A0862|28 31|LHA2
P08943354A0295|124 133|Tyk2 kinase
P08943354A0295|162 171|Jak kinases
P08951815A0465|62 70|both genes
P08960827A1169|88 94|insulin
P08970951A0823|99 101|Pol
P08972182A0527|124 126|ICE
P08972182A0527|172 174|ICE
P08973630A0923|79 83|Cdc42
P08973917A0632|35 38|PWP2
P08977235A0134|60 70|JAK2 kinases
P08977235A0588|85 89|STAT5
P08977235A0588|133 137|STAT5
P08977235A0588|141 145|STAT1
P08977401A0227|3 9|RI alpha
P08977401A0227|257 263|RI alpha
P08985415A1096|79 87|IFN-gamma
P08990168A0688|8 10|p48
P08990168A0688|59 63|STAT1
P08993393T0000|24 38|immediate-early
P08993831A0000|108 122|muscle-specific
P08993836A0699|66 75|HNF-3 alpha
P08995652A0812|120 125|UL80.5
P08995652A0812|181 186|UL80.5
P08995652A0812|300 305|UL80.5
P08995652A0812|416 421|UL80.5
P08995652A0812|587 592|UL80.5
P08999857A0801|122 138|alpha1(I) collagen
P09000146T0000|44 48|c-src
P09003410A0000|8 11|p100
P09006007A0997|114 117|SelB
P09006022A0252|33 36|cvaA
P09006914A1127|132 141|E-selectin
P09006935A0590|0 2|Sp1
P09008301A0193|87 98|single-chain
P09010223A0667|72 75|PU.1
P09022040A0263|7 15|L-plastin
P09022040A0263|118 126|L-plastin
P09022040A0263|253 261|L-plastin
P09024805A0905b|131 135|BZLF1
P09024805A0905b|155 165|beta-globin
P09027346A1957|0 15|Finally, antibody
P09029091A0881|58 77|phospholipase C gamma 1
P09029159A0000|61 67|Ser/Thr
P09029159A0000|75 80|kinase
P09030581A0990|49 58|MAP kinases
P09032233T0000|24 38|POU-homeodomain
P09032233T0000|70 87|pituitary-specific
P09032259A0150|24 27|Rac1
P09037032T0000|40 46|(P2P-R)
P09037163A1652|59 62|gpc4
P09046384A0403|69 75|amylase
P09048617A0648|21 44|of tyrosine kinase receptor
P09049198A0289|93 95|p21
P09049270A0488|66 72|MT-like
P09049304A1193|39 43|Egr-1
P09049304A1193|109 112|AP-2
P09050849A0000|113 116|Sec7
P09053835A0865|9 11|p53
P09053835A0865|49 51|p53
P09057648A0422|91 95|c-fos
P09058373A0670|0 4|RNase
P09058378A1134|0 42|Conversely, activated glucocorticoid receptors
P09064659A1055|134 138|HUPF1
P09065463A1012|28 32|Rad51
P09074508A0397|8 11|CD38
P09079928A1319|17 20|OxyR
P09079928A1319|139 142|LysR
P09080250A0212|51 54|p15E
P09080250A0212|90 99|polymerase
P09084174A0667|192 194|Asd
P09085842A0181|126 131|U1-70K
P09089653A0615|102 111|luciferase
P09089653A1112|11 21|DNA-protein
P09090054A0186|132 148|alpha-glucosidase
P09091403T0001|70 73|mts1
P09092580A1354|38 46|MAP kinase
P09094315A0541|41 45|B-Myb
P09098066A0119|52 74|cytadherence-associated
P09099745A1446|96 98|p21
P09101085A0686|67 73|p27Kip1
P09108451A0160|76 83|G1-phase
P09111048X0000|152 157|(nNOS)
P09111309A0674|27 43|mitogen-activated
P09111309A0674|51 61|(MAP) kinase
P09111314A1243|44 51|p15INK4B
P09111314A1243|54 61|TGF-beta
P09111314A1243|134 136|p15
P09111314A1243|157 164|p15INK4B
P09111340A0240|38 42|c-myc
P09111340A0240|120 122|myc
P09111340A0240|188 198|beta-globin
P09111367A1098|288 292|c-myc
P09115279A0345|95 104|Pch1 kinase
P09121430A0132|13 33|Ras/mitogen-activated
P09121430A1075|60 64|c-myc
P09121452A0538|33 41|C/EBP beta
P09121476T0000|38 45|DEAD-box
P09128730A0000|159 164|biotin
P09129147A0644|3 5|Jem
P09129147A0644|91 98|ATF/CREB
P09132057A0559|95 102|receptor
P09139737A0000|17 24|protease
P09147420T0000|64 66|Tat
P09148903A1715|107 115|NF-kappaB
P09148903A1715|153 164|IkappaBalpha
P09148935A0805|127 131|c-Src
P09154795A0628|84 110|DNA polymerase beta (beta-pol)
P09154822T0000|15 25|Raf-1 kinase
P09155015A0140|24 34|kinase MEKK1
P09162092A0675|0 3|MKK3
P09168134A0858|66 69|Sm-E
P09169127A0371|155 156|y1
P09169475A0272|55 59|gp130
P09169593T0000|19 35|mitogen-activated
P09169593T0000|43 77|kinase kinase (MEK), mitogen-activated
P09169593T0000|85 105|kinase and casein kinase
P09170159A0348|90 107|tyrosinase-related
P09171389A0549|148 151|PyrR
P09174049A1788|28 35|H1 kinase
P09180687A0096|24 27|SulA
P09182527A0443|23 25|p53
P09182707A0254|141 163|cytoskeleton-associated
P09182990A0245|128 132|SUP45
P09187136A0000|31 49|major protein kinase C
P09190202A0166|34 39|Sec23p
P09190202A0166|86 91|Sec13p
P09192786T0000|22 23|LU
P09197408A0126|15 18|facB
P09199292A0536|58 69|cyclin E-cdk2
P09202669A0614|109 123|promoter-driven
P09205113A0587|67 70|HPRT
P09209438A0994|104 114|DNA-protein
P09211934A0722|0 5|DNase I
P09215891A0000|51 54|CIN4
P09219526A0383|3 18|Man9-mannosidase
P09223479A1193|155 159|BHRF1
P09228092A1779|31 37|dUTPase
P09233772A0136|238 248|GTP-binding
P09233801A1180|26 31|kinase
P09233801A1180|57 64|TGF-beta
P09233809A0815|63 67|Hnf3g
P09233811A0072|54 58|Ste11
P09234696A0238|16 21|kinase
P09234696A0238|50 66|mitogen-activated
P09234717A0000|40 46|120-kDa
P09234727A0770|0 7|Gal4-Eed
P09236224A0939|21 23|p21
P09238860A0175|125 128|CREB
P09238860A0175|136 138|tau
P09238860A1974|49 52|CREB
P09241232A0653|3 6|Ogg1
P09242506A1033|0 2|E2F
P09242506A1033|38 40|E2F
P09252397A0081|98 100|JUN
P09254709T0000|58 61|CcpA
P09255349A0836|20 25|GTPase
P09259052A0568|28 30|Fos
P09259313A0950|15 20|kinase
P09259328A0440|176 185|luciferase
P09261155A0833|84 98|insulin receptor
P09263010T0000|81 85|c-myc
P09267431A0000|58 64|kinases
P09268661A1405|37 56|reverse transcriptase
P09278445T0000|25 29|RNase
P09278494A0762|21 23|ETS
P09279379A0310|120 122|H2B
P09287352A0930|98 114|mitogen-activated
P09287352A0930|122 127|kinase
P09303437A0875|34 39|hCRBP1
P09303437A0875|217 219|CAT
P09303635A0000|64 86|beta-glucocerebrosidase
P09305592A0000|65 71|bcr/abl
P09311810A0814|21 28|cyclin D3
P09312025A0373|58 64|PKC zeta
P09312025T0000|49 59|kinase C zeta
P09312025T0000|111 119|NF-kappaB
P09312032A0165|29 34|snoRNA
P09314487T0000|62 71|polymerase
P09315631A1064|13 16|POR2
P09315631A1064|91 94|POR2
P09315632A1137|63 67|FGFR3
P09315632A1137|150 154|FGFR3
P09315633A0333|63 72|interferon
P09321657A0439|69 72|cox3
P09325273A1240|66 74|ubiquitin
P09325273A1240|97 110|poly-ubiquitin
P09325273A1240|154 171|poly-ubiquitinated
P09325273A1240|238 251|poly-ubiquitin
P09326246A0567|111 120|luciferase
P09326317A0372|76 79|EXT2
P09328349A1679|89 101|alpha-subunit
P09334330A0252|56 63|TGF-beta
P09334330A0252|141 144|Smad
P09335298A2129|181 184|ParE
P09335608T0000|75 90|Drosophila myosin
P09335619A0583|174 177|atp9
P09336455A0000|75 78|RNR3
P09341139A0690|127 139|beta-arrestin
P09343210A1112|44 49|VCAM-1
P09343210A1112|86 102|acetyltransferase
P09343210A1112|149 154|VCAM-1
P09343210A1112|169 177|NF-kappaB
P09343210A1112|208 213|VCAM-1
P09343222A0415|23 26|CCR5
P09343433A0360|60 73|II-transcribed
P09346238T0000|0 4|F-box
P09346238T0000|65 83|SCF ubiquitin-ligase
P09346938A1680|89 96|protease
P09346938A1680|127 136|cathepsin B
P09352016A1110|8 12|G-CSF
P09353255A0159|81 94|FG-nucleoporin
P09353296A0510|61 64|moaA
P09354676A1714|118 122|FGFR3
P09354757A1444|73 77|RNase
P09358069T0000|47 60|erythropoietin
P09360956A0840|56 63|CKIalpha
P09362499A0000|3 5|Fis
P09363759A0000|0 18|Protein phosphatases
P09364211A0319|41 43|E2F
P09365431A0314|50 69|acetylcholinesterase
P09368006A1332|32 40|NF-kappaB
P09368026A0000|24 38|calcium-binding
P09368100A1354|3 13|mHIF-1 alpha
P09368190A1053|120 128|IFN-gamma
P09368190A1053|178 186|IFN-alpha
P09368760A0665|26 35|Drosophila
P09369450A1358|115 119|HNF-1
P09369453A0273|27 31|Bcl-2
P09369482A0690|118 123|G6Pase
P09371431A1172|83 89|thiCOGE
P09372908A1068|139 146|Polycomb
P09372924A0758|16 21|rhHR23
P09372924A0758|120 124|hHR23
P09380507A0514|121 125|alpha
P09383156A0691|8 12|RNase
P09388198A1396|79 90|p38 MAP kinase
P09388199A0948|29 32|FadR
P09388200A0639|74 77|MDM2
P09388200A0639|100 104|c-fos
P09388271A1243|80 96|mitogen-activated
P09390183A1027|50 52|NMT
P09391173A0811|35 40|ACCase
P09393771A1659|0 8|TNF-alpha
P09393875A0873|132 136|c-fos
P09393875A0873|201 203|Fos
P09395525A0395|162 166|IGF-I
P09396722A0185|48 57|peroxidase
P09396796A1173|31 35|CDF-1
P09396796A1173|43 45|E2F
P09397261A0940|0 12|Interleukin-1
P09398855A0438|132 134|p53
P09405685A0113|50 52|p53
P09409774A0214|90 94|VCSA1
P09409774A0214|148 152|VCSB1
P09413375A1486|51 54|IL-6
P09416467A0959|48 50|ACE
P09417108A0000|25 30|Htf9-c
P09417870A0105|46 52|kinase C
P09417941A1287|43 54|spermadhesin
P09418861A0623|74 80|kinase C
P09418861A0623|84 94|n-chimaerin
P09420219A0284|117 126|beta-actin
P09421511A0827|59 72|RNA-polymerase
P09421516A1516|23 33|beta-globin
P09421516A1516|137 147|beta-globin
P09421521T0000|63 74|endonuclease
P09422351A0000|0 39|Ca2+/calmodulin-dependent protein kinase II
P09422727A0196|74 80|kinase A
P09422727A0196|143 145|CRE
P09423310A0251|120 123|CD34
P09423856A1098|0 7|Protease
P09425036A0649|45 47|Src
P09426068A0826|76 84|TGF-alpha
P09426239A0386|3 7|cglIM
P09427627A0802|30 41|PDGF receptor
P09427627A0930|114 122|MAP kinase
P09427627T0000|33 44|PDGF receptor
P09434185A0902|17 20|SPP1
P09438427A0727|111 128|beta-galactosidase
P09442072A0716|7 12|DNase I
P09446600A0260|24 41|beta-galactosidase
P09446616A0780|16 20|Raf-1
P09447962A1027|226 229|HIS4
P09447963A0223|0 3|Sip1
P09447994A0000|161 165|c-fos
P09452444A0450|63 66|IL-6
P09454735A1782|64 72|MAP kinase
P09467900A0701|3 8|CAPLC1
P09467955A0468|66 69|PEA3
P09473040A1303a|9 12|alcR
P09473040A1303b|9 12|alcR
P09475378A1449|18 41|transcription-polymerase
P09477316A0140|81 83|Hox
P09479498A0000|23 33|RING-finger
P09480831A0272|40 41|AM
P09482902A0942|76 78|p16
P09488441A0615|69 78|P-selectin
P09488441A0615|87 95|NF-kappaB
P09488441A0615|132 141|P-selectin
P09488491A0000|0 2|E2F
P09490676A0800|38 42|Ets-2
P09498553A0702|141 145|CYP51
P09501093A0071|38 48|(MAP) kinase
P09501093A0071|72 74|Ras
P09504423A0114|134 158|glutathione-S-transferase
P09506990T0000|5 8|ZFM1
P09508377A0863|113 134|eumelanin/phaeomelanin
P09508775A0293|60 89|mitogen-activated protein kinase
P09511724A0483|32 34|Dsg
P09514962A0841|17 22|14-kDa
P09515031A1020|47 51|c-fos
P09515032A1230|19 21|p21
P09519830A0282|250 264|thymidine kinase
P09522979T0000|20 30|fibronectin
P09524122A0336|65 67|RAS
P09524222A0769|127 138|beta-adducin
P09524222A0769|248 254|kinase C
P09524222A1113|31 42|beta-adducin
P09524259A0301|3 11|hp55 gamma
P09524276A0939|0 3|LysR
P09527921A1178|16 26|DNA-protein
P09527921A1178|89 91|Rep
P09528758T0000|89 93|Oct-6
P09528770A1379|33 42|kinase cAPK
P09528987A1348|196 200|T/EBP
P09531549A0658|115 120|yAP180
P09535835A0279|53 56|RhoA
P09535835A0279|60 64|Cdc42
P09535851A0591|62 77|PtdIns(4)P kinase
P09536028A0945|61 74|cyclooxygenase
P09537295A0951|78 101|transcriptase-polymerase
P09537651A0366|13 16|PEA3
P09538156A0130|0 4|BRCA1
P09538258A0200|48 50|Ras
P09539421A0970|5 7|Sir
P09539746A0781|53 61|caspase-9
P09541636T0000|0 13|Creatine kinase
P09545312A1197|38 42|HMG-I
P09545323T0000|85 93|MLH1-PMS1
P09545332A0137|68 82|insulin receptor
P09545353A1071|138 147|E-selectin
P09545638A0836|66 82|methyltransferase
P09546424A1550|26 42|PDGF beta-receptor
P09547311A1394|55 64|E-cadherin
P09547311A1394|91 100|E-cadherin
P09547311A1394|222 231|E-cadherin
P09551938A0318|79 82|CCR5
P09553134A0596|55 68|tyrosine kinase
P09556861A1018|176 190|tRNA-synthetase
P09564860A2139|11 20|receptor/G
P09564860A2315|80 86|G(q/11)
P09566871A0343|155 174|reverse transcriptase
P09566871T0000|52 68|mitogen-activated
P09570133A0474|112 121|ETS-domain
P09572428A0526|14 17|VEGF
P09572491A1044|50 52|p53
P09573374A0687|148 151|IRF1
P09575187A1558|16 24|NF-kappaB
P09575217A0000|39 53|tyrosine kinases
P09576230T0000|22 29|synthase
P09579602A1720|63 66|CD34
P09579808A0000|0 69|UDP-GlcNAc:alpha-6-D-mannoside beta-1,2-N-acetylglucosaminyltransferase
P09580700A0841|145 150|DNase I
P09581775A0185|58 66|NF-kappaB
P09582327A0295|54 57|GnRH
P09582327A0295|157 162|LHbeta
P09582327A0295|290 293|GnRH
P09582350A0165|118 130|dehydrogenase
P09582953A0000|64 74|C1-esterase
P09584165T0000|91 108|src tyrosine kinases
P09584179A0673|66 70|Adf-1
P09584180A0701|86 94|NF-kappaB
P09596738T0000|25 41|mitogen-activated
P09618150A0127|124 127|UCP1
P09618150A0127|160 163|UCP1
P09618481T0000|92 95|Smad
P09620273A0189|13 14|Rb
P09620873A1710|134 136|PKC
P09632709A0464|127 145|ecdysone-stimulated
P09632734A0943|33 36|ERK2
P09633879A0246|56 63|ferritin
P09635276A1608|12 28|myosin phosphatase
P09636670T0000|34 55|cyclin-dependent kinase
P09636708A0460|3 6|YccA
P09638485A0111|64 74|phosphatase
P09641167A1359|23 31|beta, PDGF
P09642214A0244|57 61|SHP-2
P09642214A0244|89 105|mitogen-activated
P09642214A0244|113 118|kinase
P09642238A1285|136 138|Sp1
P09647233A0336|73 81|NF-kappa B
P09649315A0943|81 89|MIP-1 beta
P09649438A0182|63 66|CDK9
P09651375T0000|29 33|RGS12
P09651383A0967|103 107|HNF-4
P09651383A0967|130 135|apoCII
P09652737A1244|44 46|Fos
P09652737A1244|135 137|Jun
P09653648A0445|47 52|ZNF189
P09655248A0000|3 21|gp330/Megalin/LRP-2
P09658405A0000|3 7|Dax-1
P09662339A0744|117 120|CD44
P09665720A0325|62 71|polymerase
P09666114A0389|56 60|c-met
P09668063A0274|27 29|Ets
P09668063A0274|113 116|Ets2
P09670943T0000|0 11|B cell antigen
P09675154A0690|91 107|deletion/two-base
P09677410A1059|36 38|p53
P09679750A0304|96 111|(cyclo-oxygenase
P09685226A0000|99 124|parathyroid hormone-related
P09686603A0124|147 153|TCR beta
P09691031A1050|63 68|myosin
P09693035T0000|16 37|serine/threonine kinase
P09694599A1355|35 43|IL-1alpha
P09694725A0500|90 104|gamma interferon
P09694869A0932|66 68|p21
P09694897T0000|23 40|ribonucleoprotein C
P09704006A0224|0 4|Arnt3
P09705258A0837|75 76|IE
P09705324A0213|0 5|DNase I
P09705497A0227|8 11|MMS2
P09705564T0000|40 42|E5A
P09710582A0535|38 54|mitogen-activated
P09710582A0535|62 67|kinase
P09710599T0000|22 38|mitogen-activated
P09710641A0000|177 191|zeta-crystallin
P09712898A0911|26 28|p38
P09712898T0000|30 45|stress-activated
P09712919A0307|95 98|CREB
P09713996A0262|16 19|MDR1
P09716179A0974|0 8|RXR-gamma
P09716179A0974|87 108|cyclin-dependent kinase
P09716179A0974|169 178|cdk2 kinase
P09716183A1036|123 131|ERK kinase
P09718372T0000|71 88|Sty1/Spc1 MAP kinase
P09722508A0953|53 55|Src
P09727046A0000|127 137|beta-globin
P09729481A0000|6 55|branched-chain-2-oxo-acid dehydrogenase (BCOD) kinase
P09729481A1177|20 22|Sp1
P09731513A1090|73 81|NF-kappaB
P09731513A1090|120 123|IL-8
P09733794A1323|27 31|Bcl-2
P09733794A1323|34 46|Bcl-2-related
P09733815T0000|57 70|tyrosine kinase
P09735286A0599|68 70|Mu B
P09736697A1107|7 10|ERKs
P09736697A1107|20 23|IL-6
P09736697A1107|169 172|Jak1
P09738693T0000|9 15|rhG-CSF
P09747873T0000|31 35|GRB10
P09748286A0000|62 91|inhibitory factor receptor (LIFR)
P09751114A0967|18 21|MyoD
P09753775A0734|88 95|H1 kinase
P09754571A0169|91 94|RAG1
P09754571A1257|3 7|hBRAG
P09757012A0942|34 36|KS5
P09759865A0673|13 20|IL-1beta
P09759865A0673|24 32|TNF-alpha
P09759865A0673|63 65|Rel
P09759865A0673|178 192|NF-kappaB-alpha
P09763470A0000|8 23|beta-hydroxylase
P09763522A2545|31 37|N-SMase
P09765388T0000|14 16|p53
P09765388T0000|23 25|p73
P09765394A1590|19 34|helicase-primase
P09767593A0130|63 85|tyrosine-phosphorylated
P09771967A1052|12 14|LB1
P09774444A0351|110 120|beta-globin
P09778197A0415|212 222|A) reductase
P09780228A0613|30 33|FkbB
P09780336A0771|10 13|Msy2
P09781761A0384|0 0|1
P09784245T0000|61 84|kinase A and protein kinase C
P09786932A1042|183 186|IFNA
P09788739A1096|7 33|CD44-associated serine kinase
P09790986A0689|41 64|glutathione S-transferase
P09792702A0754|104 108|HSP70
P09794414T0000|16 22|kinase C
P09794795A0183|240 244|STAT3
P09795213A0129|0 4|RBP56
P09797456A0000|14 18|c-myc
P09797456A0883|48 52|c-myc
P09797456A0883|97 101|c-myc
P09799793T0000|102 106|CUTL1
P09808155A0813|13 23|DNA:protein
P09811730A1396|98 100|KCS
P09815578A1245|37 41|CDKN2
P09819411A0897|2 7|DNase I
P09820611T0000|64 77|erythropoietin
P09822602A0237|201 212|CREB-binding
P09822647A0000|6 14|aldolase C
P09822825A0141|50 53|BAP3
P09823775A1122|61 67|HLA-DRA
P09829843A0819|122 127|GM-CSF
P09832511A0269|24 26|Vnd
P09834070A0793|35 38|ERK2
P09834070A0793|125 131|kinase C
P09837907A0857|13 24|TNF receptors
P09837907A0857|108 116|caspase-3
P09837907A0857|128 136|NF-kappaB
P09837907A0857|140 143|AP-1
P09837978T0093|36 58|kinase/stress-activated
P09844106A0835|0 3|Pyk2
P09844106A0835|57 67|fibronectin
P09846482A0441|63 75|p21-activated
P09849961A0387|69 76|3-kinase
P09852005A1287|92 112|opaque-phase-specific
P09852068A0150b|41 46|DNase I
P09852136A0174|133 143|(HA)-tagged
P09858531A1017|12 16|RING1
P09864141A0528|12 16|Stat3
P09864335A1226|39 42|FCR1
P09867253A0229|4 8|c-Jun
P09869297A1807|56 60|Hoxb1
P09872832A1262|161 186|interferon gamma (IFN-gamma)
P09880327A0322|32 47|Golgi-associated
P09881692A0094|101 107|Ckappa1
P09882303A1984|38 42|TRAF2
P09882321A0948|80 85|EBNA-3
P09882321A0948|117 122|EBNA-3
P09884275T0000|0 15|Interferon-alpha
P09889202T0000|108 113|(alpha
P09889306A0321|26 31|Glvr-1
P09891065A1493|75 83|PKC-alpha
P09914500A0000|13 18|kappa B
P09914500A0000|174 183|(TNF)alpha
P09915860A0000|19 28|pgp2/mdr1b
P09917389A1239|12 16|RNase
P09918715A1158|13 16|MotA
P09920903A1045|26 30|c-met
P09920903A1045|50 52|p53
P09925777A1195|55 65|beta-globin
P09927449A0421|96 99|CLN2
P09933428A0351|0 8|IFN-gamma
P09949160A0600|47 49|PKC
P09950213A1660|99 106|TGF-beta
P09952378A0529|92 104|IgG antibodies
P09988767A1496|61 64|3Ost
P09990060A0937|27 30|CREB
P09990315A0205|37 50|protein kinase C
P09990315A0205|190 192|PKC
P09990507A0000|55 63|ubiquitin
P10022880A0000|12 28|GTPase-activating
P10022905A0446|132 136|mog-1
P10022921A0608|17 20|SIN3
P10022925A0870|3 6|Nmd3
P10025506A0079|29 35|plastin
P10026211A0136|40 50|CRE-binding
P10029337A0406|101 119|serum creatine kinase
P10036181A0603|50 54|GPR34
P10036191A0000|168 182|tissue-specific
P10037681A0494|29 37|PKC-alpha
P10037681A0494|90 93|PLD1
P10049912T0000|16 20|RNase
P10050883A0967|12 39|phosphatidylinositol-3 kinase
P10051488A1610|27 32|TIMP-1
P10053852T0000|6 7|g2
P10066798A0391|0 24|Cyclin D1-associated kinase
P10066815T0000|90 97|3-kinase
P10072774A0537|109 120|beta integrin
P10074282A0236|98 104|cGMPase
P10074903A0915|61 64|p202
P10074903A0915|153 155|p21
P10076007A0656|3 22|MSY2 associated kinase
P10077188A1172|16 28|helicase-like
P10080875A0772|125 133|NF-kappaB
P10080875A0772|175 183|NF-kappaB
P10080875A0772|209 212|AP-1
P10082137A0262|20 28|IFN-gamma
P10082137A0262|61 70|interferon
P10082554T0000|19 23|c-myc
P10082573A1015|186 191|DNase I
P10084294A0219|92 99|ferritin
P10085140A1004|48 55|TGF-beta
P10094396A0000|41 59|kinase casein kinase 2
P10096573A0207|135 148|MGSA/GRO-alpha
P10098601A1320|43 47|JEG-3
P10101159A0742|20 23|SOC1
P10191090A0000|29 32|PAX3
P10194451A0000|77 90|tyrosine kinase
P10194451A0000|208 211|p210
P10195425T0000|40 44|MTF-1
P10197985A0145|7 11|RNase
P10198061A0339|26 37|beta-catenin
P10207049A0693|3 6|GAC1
P10207049A1001|28 42|Glc7 phosphatase
P10207092A0924|62 74|DNA-activated
P10207092A0924|82 87|kinase
P10209031A0832|74 82|Fyn kinase
P10209119A0076|66 80|F-box/WD-repeat
P10209119A0076|108 116|ubiquitin
P10209119A0594|73 76|pop2
P10212278A0387|49 53|c-jun
P10212278A0387|106 115|N-terminal
P10212278A0387|123 128|kinase
P10212278A0387|157 173|mitogen-activated
P10215594A1728|49 52|CRE1
P10215608A0161|65 69|GSTA3
P10219091A0246|32 35|CTL1
P10224257A0079|13 17|her-1
P10224293A0000|15 34|tyrosine phosphatases
P10225279A0450|46 49|UL55
P10228155A1293|72 83|beta-catenin
P10228157T0000|52 62|Dbf2p kinase
P10231485A0342|105 108|TtrB
P10233885A0899|113 117|mim-1
P10318806A0000|35 45|(MAP) kinase
P10318806A0000|89 104|stress-activated
P10318806A0476|63 72|MAP kinases
P10318806A0918|100 102|Src
P10318859A0535|14 22|calpeptin
P10319320A1022|65 67|Ras
P10319327A1237|147 150|bHLH
P10320579A1831|13 16|FlgN
P10322629A0198|83 91|Pax-2/5/8
P10323463T0000a|0 15|Interferon-alpha
P10323463T0000b|0 15|Interferon-alpha
P10323863A0852|60 69|telomerase
P10327051A0688|27 57|Stress-Activated-Protein-Kinase
P10329135A1326|84 96|mitochondrial
P10329586A0414|12 22|fibronectin
P10330146A0730|45 54|luciferase
P10330146A0730|109 118|luciferase
P10330168A0135|37 83|cyclin B (Clb)/cyclin-dependent kinase (Cdk/Cdc28p)
P10333526A0459|3 7|hTERT
P10333529A0277|4 10|betaAPP
P10333529A0277|18 22|Abeta
P10341219A0481|71 79|YD-repeat
P10342829A1370|77 80|SF-1
P10344736A0796|0 9|CDK4 kinase
P10344736A0796|67 73|p21Cip1
P10347203A0832|23 27|STAT3
P10347203A0832|48 59|somatostatin
P10348859A0292|49 52|MerR
P10350484A0346|13 18|kinase
P10358075A0984|133 146|PtdIns 3-kinase
P10358080A1114|112 115|HSF1
P10358083A0263|85 95|DNA-protein
P10359014A1077|18 22|Fra-2
P10359673A0000|8 11|LPD1
P10359673A0000|110 113|GCN4
P10362652A0350|43 45|Ras
P10364159A0813|36 44|FRAP/mTOR
P10369418A0644|87 95|NF-kappaB
P10369418A0644|129 137|NF-kappaB
P10375638A0859|32 36|NRF-1
P10390158A1150|37 41|Pit-1
P10393910A0705|29 30|R2
P10395199A0792|135 137|Ras
P10395908A0236|132 140|G-protein
P10400712A0577|194 220|hemagglutinin-neuraminidase
P10400712A0577|228 243|the polymerase (L)
P10403575A1401|15 18|StAR
P10403839A0140|33 37|BMAL1
P10403839A0140|157 161|BMAL1
P10407184A0149|21 27|betaAPP
P10411140A0499|42 46|RNase
P10413676A0595|53 61|FAK kinase
P10419521A0136|114 123|polymerase
P10428759A0743|34 39|kinase
P10428811A0628|59 87|beta-adrenergic receptor kinase
P10428862A0834|96 99|DokR
P10429946A0988|22 53|B-Myb-glutathionine S-transferase
P10438593A0000|42 44|Tat
P10438924A1009|60 97|serine/threonine kinase glycogen synthase
P10438924T0000|35 78|Akt (protein kinase B)/glycogen synthase kinase-3
P10439040A0658|35 39|c-myc
P10440923A0684|111 132|cyclin-dependent kinase
P10440923A0684|168 201|cyclin E- and cyclin A-dependent kinase
P10444813A0448|74 85|somatostatin
P10446910A0147|13 16|E2F1
P10446998A0375|100 103|junB
P10446998A0375|106 110|c-fos
P10446998A0955|103 107|c-fos
P10448095A0865|3 6|STAT
P10454540A0392|63 73|exonuclease
P10454561A0594|132 156|alpha-induced IkappaBalpha
P10454570A0846|48 53|kinase
P10454570A0846|71 86|stress-activated
P10454570A0846|94 119|kinase-Jun N-terminal kinase
P10458907A0543|22 27|Rad30b
P10458914A0674|18 21|STAP
P10464291A0597|41 50|PDGFalphaR
P10464291A0597|54 75|CCAAT/enhancer-binding
P10471746A1102|69 76|Myogenin
P10473623A0081|43 53|factor-beta
P10477583A0000a|59 61|IgG
P10477583A0000b|59 61|IgG
P10477597A0126|0 4|TRAF2
P10477620A0580|44 47|RelA
P10477620A0580|69 99|I kappa B alpha degradation, I kappa B
P10477620A0580|127 144|I kappa B kinase (IKK)
P10478844A1604|30 41|CREB-binding
P10480937A0000|6 22|Drosophila A kinase
P10480937A0000|37 53|Drosophila A kinase
P10486210A0126|44 60|aldehyde reductase
P10487744T0000|33 45|beta2 integrin
P10487753A0788|14 18|XDRP1
P10487921A0132|0 3|ATF1
P10488087A0340|124 140|acetyltransferase
P10488088T0000|33 37|bcl-2
P10488148T0000|0 24|ERK MAP kinase links cytokine
P10490639A0000|62 67|kinase
P10490816A0000|14 16|RET
P10490826T0000|6 19|tyrosine kinase
P10490835T0000|95 108|tyrosine kinase
P10490955T0000|75 91|mitogen-activated
P10490955T0000|99 104|kinase
P10491187T0000|3 20|phosphotransferase
P10493575T0000|52 61|(beta beta)
P10496284A0115|112 114|IgG
P10501965A0879|77 84|s6 kinase
P10501965A0879|118 125|ORF-less
P10501965A0879|162 170|G-protein
P10505694A0739|0 4|IL-12
P10506143A0610|215 218|Rac1
P10512857A0000|15 26|beta-catenin
P10512882A0137|31 40|Src kinases
P10514493A0199|106 110|Ntr-1
P10516878T0000|22 31|D2 receptor
P10517666A1069|37 40|AP-1
P10517675A0809|114 135|cyclin-dependent kinase
P10521443A0486|93 101|NF-kappaB
P10521443A0486|219 227|NF-kappaB
P10521447A0606|96 107|AML/CBFalpha
P10521509A0000|89 93|GGL (G
P10521509A0000|164 166|RGS
P10523634A1404|70 74|Cbf5p
P10523640A0367|11 27|Src tyrosine kinase
P10523640A0367|47 51|Stat3
P10523640A0367|90 103|Stat3-mediated
P10523647A0000|55 58|bZIP
P10524258A0286|32 37|FGFR-1
P10527426A0521|12 15|SBEI
P10531360A0958|101 104|VEGF
P10531446A0203|53 56|ErbB
P10532354A1374|56 66|epsilon-COP
P10532805A1084|41 47|kinase A
P10533066A0758|0 3|TSC1
P10541432A0185|16 19|erbB
P10541432A0185|104 106|Shc
P10541432A0185|161 167|ERK MAPK
P10541432A0185|219 222|MAPK
P10541865A1301|34 39|CDKN2A
P10541865A1301|43 48|CDKN2B
P10542249A0415|122 133|(C/EBP)alpha
P10542269A0000|156 176|beta-amyloid precursor
P10542274A1376|81 90|caveolin-1
P10544088A0308|97 105|NF-kappaB
P10548722A0099|59 66|TcP2beta
P10549354A1782|83 100|Tcf-4/beta-catenin
P10549354A1782|154 165|beta-catenin
P10549354A1782|211 214|GSK3
P10549354A2371|40 42|Tcf
P10551879T0000|26 31|kinase
P10551879T0000|41 48|A-kinase
P10551879T0000|118 140|green fluorescent protein
P10556033A0000|3 5|RFX
P10556595A0391|31 34|recN
P10557308A0000|59 61|RAS
P10559364A0846|114 123|polymerase
P10561095A2141|71 80|calcitonin
P10562495A0188|12 14|SFV
P10563836A1234|98 101|AP-2
P10564474T0000|86 89|OprH
P10564495A0444|19 21|Opa
P10567524T0000|3 12|elm1 kinase
P10567538A1028|14 30|acetyltransferase
P10567581A0119|39 49|homolog-11B
P10568744A0728|52 65|alpha-specific
P10574913A1108|58 79|beta-arrestin-mediated
P10576545A0926|63 65|D1A
P10579722T0000|45 61|myosin phosphatase
P10579722T0000|64 73|Rho-kinase
P10584704A0913|109 119|cytokeratin
P10585453A1029|10 14|Pit-1
P10585453A1029|25 29|hGH-N
P10585453A1029|148 152|Pit-1
P10585491A0945|129 132|AtpC
P10585491A0945|271 274|AtpC
P10586115A0477|82 90|TNF-alpha
P10593939A0747|78 81|SR33
P10593939A0747|115 118|SR45
P10593950A1113|78 91|RNP-associated
P10594239T0000|16 31|homology-related
P10597223A0339|68 70|p21
P10597223A0339|97 99|p21
P10597232A0000|52 54|RET
P10598101A0000|15 18|bZIP
P10598101A0754|3 9|mEmBP-1
P10601344A1653|153 156|RhoA
P10606272A1241|78 80|SF1
P10606515A0389|49 73|beta-retinoic acid receptor
P10606515A0389|92 97|DNase I
P10607566A0880|26 37|beta-catenin
P10607566A0880|166 177|beta-catenin
P10611242A0541|62 65|HIS3
P10611320A0816|105 109|Cak1p
P10613874A0663|143 146|GlnR
P10613874A0663|150 153|GlnA
P10623804A0808|130 141|Fc gamma RIIB1
P10625494A1059|61 64|MDR1
P10625683A0091|27 41|tyrosine kinases
P10628750A0298|41 66|[tumor necrosis factor-alpha
P10628750T0000|62 76|angiotensinogen
P10628750T0000|136 144|NF-kappaB
P10637230A0332|19 23|c-myc
P10648020A0151|114 133|plasminogen activator
P10655230A0685|90 95|kinase
P10657658A0165|144 149|ICAM-1
P10660069A0819|99 101|RRD
P10660304A0522|85 88|CNTF
P10660676A0000|41 65|Growth Factor beta (TGFbeta)
P10663558T0000|100 111|anti-laminin
P10666238A1322|34 38|E2F-1
P10666238A1322|52 57|E4-6/7
P10666238A1322|111 115|E2F-1
P10667597A0668|6 10|HZF16
P10669594A0969|40 43|SefA
P10669596A0430|216 223|nuclease
P10669633A0391|85 89|flt-1
P10669751T0000|8 24|mitogen-activated
P10669751T0000|32 37|kinase
P10669751T0000|84 88|c-jun
P10674395A0262|184 189|kinase
P10675331A0600|11 15|c-Src
P10677214A1045|11 14|MutT
P10679065A0711|34 47|MAPK-activated
P10679065A0711|55 62|kinase-2
P10679065A0711|121 134|MAPK-activated
P10679065A0711|142 149|kinase-2
P10679065A1217|26 29|junB
P10683989A0251|110 112|tau
P10684111A1411|82 90|p42 of MAPK
P10684265T0000|93 112|ubiquitin-homologous
P10688646A0535|85 96|alpha-globin
P10688663A0207|43 49|trypsin
P10688666A1010|22 25|ASK1
P10690702A0065|8 38|Acetylcholine receptor antibodies
P10692433A0000|22 24|E2F
P10698937T0000|19 24|kinase
P10698974A0951|20 24|STAG3
P10698974A0951|66 78|STAG3-related
P10702241A0357|11 12|a1
P10702241A0357|80 81|a3
P10702253A0357|25 48|transcriptase-polymerase
P10702253A0357|72 81|HIF-1alpha
P10702285A0855|55 82|phosphatidylinositol 3-kinase
P10702794A1495|120 123|ERK2
P10704283A0649a|150 153|IL-4
P10704285A0536|70 78|AP-2alpha
P10704285A0536|103 111|AP-2alpha
P10704338A0354|67 73|p24(CA)
P10704410T0000|0 15|Clb/Cdc28 kinases
P10704853T0000|35 47|Nodal-related
P10705380A0629|127 131|BMP-4
P10713083A0560|61 64|TraM
P10714985A1057|0 1|3'
P10715325A0834|3 7|AtERF
P10721704X0000|28 33|Elavl1
P10722661A0406|98 101|CYC2
P10724483A0540|51 55|HEM13
P10727247A0461|97 101|TEF-1
P10727426A1280|3 8|kinase
P10727428A0000|119 128|MAP kinases
P10727433A0560|204 206|ras
P10727515A1202|63 82|delta-opioid receptor
P10728945A0233|21 30|Integrilin
P10729220A0000|16 19|IGF2
P10729220A0000|56 58|H19
P10733591A0146|55 59|actin
P10733591A0533|21 25|Cdc42
P10739671A0136|97 101|c-myb
P10739671A0136|287 296|interferon
P10744974T0000|80 85|kinase
P10748125A0000|57 57|1
P10749145T0000|50 62|diphosphatase
P10749166A0991|24 43|virulence-associated
P10749849A0000|120 141|cyclin-dependent kinase
P10760132A1169|67 69|Ypt
P10760950A1133|30 39|N-utrophin
P10762348A0269|5 24|phosphorylation, STAT
P10763827A1158|64 66|ras
P10764970A1009|21 45|quinupristin/dalfopristin
P10773351A0672|53 61|IFN-gamma
P10773351A0672|96 115|GAS (gamma-interferon
P10773455A1268|110 114|ALAS2
P10773455A1268|273 277|ALAS2
P10773667A0351|18 22|HMG20
P10773951A0000|17 29|anti B antibody
P10777669A0582|3 8|ZNF274
P10779313A1842|55 69|beta-adrenergic
P10779508A0452|2 7|DNase I
P10780883T0000|42 51|interferon
P10786671A0182|23 32|telomerase
P10786671A0182|113 142|telomerase reverse transcriptase
P10788320A1034|108 112|102kD
P10791901A0609|98 101|MRP1
P10799590A0431|65 71|EBNA-3C
P10801860A0000|38 52|(immunoglobulin
P10805286A0233|55 57|PCI
P10805286A0233|143 145|PCI
P10805738A0799|51 59|p38 kinase
P10810083A1283|3 24|serine-threonine kinase
P10810294A0730|31 34|IL-6
P10811804A0000|24 47|(MAP) kinase phosphatase-3
P10825200T0000|18 32|tyrosine kinases
P10828022A0877|0 9|Endostatin
P10836786A0516|136 138|MRP
P10836786A0516|145 149|RNase
P10838139A1447|14 19|Ha-ras
P10848993A0000|35 57|methylmalonyl-CoA mutase
P10855690A0870|38 46|MAP kinase
P10855796A1160|67 71|EphA8
P10858988A0786|6 13|tryptase
P10860827A0399|101 104|CSX1
P10860846A0480|166 168|HGF
P10861080A0433|25 36|IkappaBalpha
P10861080A0433|81 89|TNF-alpha
P10861909A0502|109 113|leu1-
P10865940A0000|142 150|NF-kappaB
P10870043A0621|22 25|GnRH
P10871045A1221|100 108|C/EBPbeta
P10873387A0816|42 48|Cacna1f
P10873387A0816|86 98|synaptophysin
P10885750A0236|51 56|CREB-2
P10890911A0470|17 21|Smad3
P10890911A0470|83 85|Wnt
P10891286A0000|12 23|titin/myosin
P10891286A0000|29 39|chain kinase
P10891286A0000|87 98|actin/myosin
P10891399A1185|152 156|c-fos
P10891489A0152|32 38|HMG-I/Y
P10903877A0879|61 63|PKC
P10903877A0879|136 144|ERK kinase
P10907971T0000|28 43|HMG-CoA reductase
P10915728A0216|106 113|IFN-beta
P10915780A1063|0 4|Wnt-1
P10915780A1063|50 57|cyclin D1
P10915780A1063|89 93|Wnt-1
P10918572A1547|31 39|TGF-alpha
P10918572A1547|146 154|TGF-alpha
P10918596A0000|26 28|p53
P10928337A0590|45 58|erythropoietin
P10931927A0655|145 164|reverse transcriptase
P10931950A0869|0 3|Cdk2
P10933728A1398|95 99|hnRNP
P10933728A1398|107 110|AUF1
P10933732A0000|145 154|interferon
P10938105A0000|38 68|fibroblast growth factor receptor 2
P10938109A1361|18 24|PKCbeta
P10938135A0259|118 131|tyrosine kinase
P10939785A0540|46 48|ACE
P10942587A0981|140 141|E7
P10942599A1298|92 97|Hoxa-1
P10946303A0000|0 8|TNF-alpha
P10955998A1124|25 35|glycosylase
P10965135A0735|177 196|MAP kinase kinase (MKK)
P10965905A1618|194 202|MAP kinase
P10965905A1618|284 287|PI3K
P10965905A1618|311 319|MAP kinase
P10965905T0000|69 85|mitogen-activated
P10965905T0000|93 98|kinase
P10972980A0295|85 93|3-kinase;
P10972990A0196|26 28|p53
P10972990A0526|12 14|p53
P10972990A1518|32 34|p53
P10980416T0000|145 147|BSP
P11000521A0588|274 280|kinase B
P11003653A0198|61 71|beta-globin
P11003653A0198|115 125|beta-globin
P11005808A1082|45 51|ERK MAPK
P11007777A0813|95 110|beta-hydroxylase
P11007949A1607|64 67|PTEN
P11007954A0170|15 28|receptor-bound
P11012680A0676|22 25|FGF1
P11012680A1020|11 18|PLCgamma
P11012680A1020|93 97|FGFR1
P11012680A1020|165 172|PLCgamma
P11014215A1092|145 149|GnRHR
P11014215A1092|213 217|GnRHR
P11016850A0423|94 97|LysR
P11017876A0787|85 92|protease
P11018028A0263|55 60|kinase
P11023832A1038|121 137|mitogen-activated
P11023832A1038|145 150|kinase
P11023832A1038|165 173|NF-kappaB
P11024047A0626|64 73|luciferase
P11027274A1682|31 38|3-kinase
P11027280A0536|41 45|Smad2
P11027280A0536|49 53|Smad4
P11027294A0483|26 49|histone acetyltransferase
P11031252A0646|26 35|PKC epsilon
P11031252A0646|104 106|PKC
P11031252A0646|150 157|PKC delta
P11036939A2149|40 42|Wnt
P11040101A1180|48 51|VEGF
P11040101A1180|199 202|VEGF
P11042204A0186|62 70|p38 kinase
P11046148A0716|78 82|Nedd4
P11053009A0000|62 75|cyclooxygenase
P11054565A0654|85 90|GTPase
P11056019A0926|12 22|glycosylase
P11059786A0682|0 3|VEGF
P11062068T0000|21 37|mitogen-activated
P11062068T0000|45 68|(MAP) kinase phosphatase-1
P11063127A0000|81 91|phosphatase
P11063742A0000|0 8|NF-kappaB
P11069756A2618|250 266|mitogen-activated
P11069756A2618|274 279|kinase
P11070078A1153|42 44|p53
P11071789T0000|30 32|ACE
P11071852A0297|72 95|transcription-polymerase
P11071924A0588|0 0|A
P11073539A0866|29 34|desmin
P11073954A0337|3 6|Psc2
P11078726X0000|36 38|p53
P11078726X0000|84 86|p53
P11090172A0612|33 36|RNA3
P11090272A1240|45 48|ORL1
P11092886A0341|0 26|Nevertheless, protein kinase A
P11094073A0000|73 83|Ros receptor
P11094073A0000|91 104|tyrosine kinase
P11094075A0257|43 50|r-PTPeta
P11094091A0000|35 38|CREB
P11099377T0000|72 96|beta-d-xylosyltransferase
P11103792A0755|16 20|c-Myc
P11105129T0000|75 88|beta-lactamase
P11108151A0560|44 46|PKC
P11108720A1130|80 96|kinase kinase (MEK)
P11111051A0051|34 57|histone acetyltransferase
P11112417A1126|137 141|MLSN1
P11118062A1691|61 65|K-ras
P11121397A0587|33 37|rib-2
P11122381A0908|93 98|GM-CSF
P11127200A1024|92 95|AP-1
P11127200A1024|175 183|collagen I
P11137296A0923|229 233|PFK-C
P11139469A0402|25 28|Ang2
P11139469A0402|109 115|kinase C
P11145571A0788|0 13|IFN-stimulated
P11145590A0217|63 79|thyroglobulin (TG)
P11145955A0189|166 182|mitogen-activated
P11145955A0189|190 195|kinase
P11145955A0189|251 266|alpha (TGF-alpha)
P11152070A0573|3 6|actA
P11152283A0223|27 29|NGF
P11152283A0223|104 116|NGF-regulated
P11152451A1580|44 51|TGF-beta
P11152451A1580|218 225|TGF-beta
P11152521A0181|121 136|primase-helicase
P11157784A0141|11 15|DGCR6
P11158310A0993|44 52|ATF6alpha
P11158324A1073|441 453|cotransporter
P11158337A0000|50 53|GnRH
P11159363A1251|38 40|E2F
P11160280A1275|7 23|IFN-gamma-induced
P11160860A0662|27 33|IkappaB
P11160860A0662|78 86|NF-kappaB
P11160860A0662|181 192|IkappaBalpha
P11160896A0713|48 52|Smad2
P11161455A1286|64 87|endothelial-TACC-related
P11161816A0851|36 45|endophilin
P11162576A0213|103 107|PDE5A
P11168446T0000|9 22|erythropoietin
P11171118A0836|22 25|NF-1
P11171320A0894|17 25|p120(ctn)
P11179689A0000|3 5|Sox
P11181525T0000|73 74|AR
P11181531A0464|86 94|NF-kappa B
P11181564A0733|11 19|both genes
P11191208A0000|236 239|PDR3
P11196191A1789|32 35|IL-6
P11196199T0000|21 25|Rad23
P11207216A0296|51 74|transcription-polymerase
P11207216A0719|15 20|PGHS-2
P11207282A0729|172 174|IgH
P11207308A0999|87 91|STAT1
P11207308A0999|143 158|N-terminal kinase
P11221845A0800|54 64|intron-less
P11222387A1497|65 81|ABL tyrosine kinase
P11223240A0655|10 15|Menin1
P11223255A1034|40 69|serine threonine receptor kinases
P11239529A0981|0 7|IL-1beta
P11241166A0677|0 5|TaqMan
P11241243A0693|120 122|p53
P11241356T0000|82 89|collagen
P11241672T0000|37 51|beta(3) integrin
P11245986T0000|53 61|aldolase B
P11251104A0526|15 27|alpha-amylase
P11254504A0766|194 206|homeobox (Cdx)
P11254504A0766|216 227|Cdx protein-2
P11254713A1029|180 183|IL-2
P11260468A1179|119 130|histone-like
P11263664T0000|40 56|(delta-crystallin
P11264375A0000|34 48|immediate-early
P11274184A1068|75 78|ho-1
P11274357A0724|180 196|diphosphate kinase
P11274357A0724|266 272|GTPases
P11274368A0469|76 82|histone
P11274368A0818|66 68|p21
P11275986A0091|41 43|p53
P11276426A0501|8 12|Mmip1
P11277913T0000|45 49|Hsp70
P11278290A1220|38 45|TGF-beta
P11278290A1220|111 115|Smad2
P11278461A0637|115 124|HIF-1alpha
P11278461A0637|170 179|HIF-1alpha
P11278671T0000|15 19|Bcl-2
P11278819A0565|101 104|IRBP
P11282395A0530|31 36|RAG1/2
P11283168A0738|70 72|Gus
P11287578A1311|81 99|IFN-gamma-inducible
P11289135A0975|70 86|mitogen-activated
P11289135A0975|94 135|kinase kinase/extracellular signal-regulated
P11289135A0975|143 148|kinase
P11289135A0975|210 226|mitogen-activated
P11289135A0975|234 246|kinase kinase 1
P11289149A0658|8 10|EWS
P11289149A0658|101 112|CREB-binding
P11292335A0852|87 97|single-base
P11303027A0954|51 57|GTPases
P11306511A1476|86 89|mdm2
P11310937A0548|106 109|IL-6
P11310937A0548|162 170|TNF-alpha
P11311153T0000|80 106|angiotensin converting enzyme
P11312120A1311|0 8|NF-kappaB
P11313386A0704|0 5|SH2D1A
P11313946T0000|36 38|Ras
P11313946T0000|61 72|Ras-mediated
P11323419T0000|68 95|alpha (1,2)fucosyltransferase
P11327698A0191|120 122|PKC
P11327698A0191|168 170|Sp1
P11327698A0191|231 233|PKC
P11327698A0191|246 248|PKC
P11327698A0191|304 309|IGF-II
P11327698A0191|424 429|IGF-II
P11335116A1099|229 231|ESP
P11352671A0492|141 145|hPIV2
P11353770A0085|65 77|N-glycosylase
P11355576A1125|3 9|cyclins
P11355576A1125|202 204|E2F
P11356853A0429|102 105|ho-1
P11357063A0138|174 186|LHbeta-CGbeta
P11357063A1053|61 71|gpLH/CGbeta
P11367523A2624|8 10|C4B
P11369700A0616|102 106|Elf-1
P11371417A0744|122 132|(TNF)-alpha
P11372882A1143|18 25|beta-HCH
P11373277A0812|156 164|AP-2alpha
P11375392T0000|92 94|Sp3
P11376007A0584|53 58|kinase
P11376007A0584|142 153|phosphatase 1
P11376007A0584|232 242|phosphatase
P11376687A0344|136 139|MTH1
P11384229A1669|87 104|beta-galactosidase
P11384880A0719|41 41|1
P11387208T0000|0 8|SKP1-SnRK
P11387208T0000|16 21|kinase
P11387208T0000|67 69|SCF
P11389085A1032|24 32|NF-kappaB
P11391531A1157|13 21|NF-kappaB
P11408575A0000|87 91|Cdc28
P11408575A0000|97 103|cyclin B
P11408591A0000|89 93|v-src
P11408604A1440|54 62|ERK kinase
P11416012A1982|180 185|kinase
P11416012A2511|277 293|mitogen-activated
P11416012T0000|169 174|kinase
P11416012T0000|209 225|mitogen-activated
P11416012T0000|233 238|kinase
P11416144A1324|106 108|p53
P11423991A1393|22 24|p53
P11429702A0917|107 111|FGFR3
P11431348A0000|87 103|mitogen-activated
P11431348A0000|111 128|kinase (MAPK) kinase
P11432748T0000|19 28|beta2 chain
P11433024A0260|0 9|Telomerase
P11435578A2231|91 98|CREB/ATF
P11439343A0785|36 37|Pc
P11454004T0000|58 90|glycerol-3-phosphate dehydrogenase
P11454703A0000|3 12|telomerase
P11459794A1172|110 116|GnRH-II
P11463359A0167|93 102|luciferase
P11463359A0167|127 132|G6Pase
P11469853A0702|78 86|Raf kinase
P11469853A0702|93 98|PKC eta
P11471077A0382|64 67|TRA1
P11473254A0000|48 58|recombinase
P11498795A0716|81 82|RB
P11500377A0518|43 45|Wnt
P11500512A0000|8 12|ABCG1
P11500913A1238|48 58|beta-casein
P11513579A0372|48 51|Rac1
P11517190T0000|29 35|ER alpha
P11521191A0000|41 43|E1A
P11522626A1374|32 35|G(1)
P11522658A0086|79 88|ErbB kinase
P11525640A0560|19 27|ERK kinase
P11532856A1175|211 217|p38 MAPK
P11552922A0361|33 42|polymerase
P11554469A1386|44 47|CesA
P11557127A0991|102 105|MRP2
P11560990A0272|0 2|E47
P11560992A0000|25 41|mitogen-activated
P11560992A0000|49 72|kinase (MAPK) kinase (MKK)7
P11560992A0000|138 153|stress-activated
P11560992A0651|152 155|MKK4
P11570820T0000|4 16|casein kinase I
P11587514A0758|74 86|alpha-amylase
P11593394A0000|115 126|cyclin kinase
P11593394A0000|203 214|cyclin kinase
P11595176T0000|29 33|SPEC1
P11691585T0000|3 8|hcKrox
P11708761A1388|58 60|ACE
P11714429X0000|240 246|Aspirin
P11743360A2491|46 49|IL-6
P11773921A0397|8 17|P-selectin
P11793614A0000|102 102|4
P11836303A0518|11 14|IL-6
P11898797A0124|46 62|acetyltransferase
